SCALE: 22
nvtx: 4194304
edgefactor: 296
terasize: 1.98642237440000008e-02
A: 5.69999999999999951e-01
B: 1.90000000000000002e-01
C: 1.90000000000000002e-01
D: 5.00000000000000444e-02
generation_time: 2.45190531002999990e+02
construction_time: 1.75740599379999992e+02
nbfs: 64
min_time: 1.30168250000000010e-02
firstquartile_time: 1.54678265000000002e-02
median_time: 2.11385670000000039e-02
thirdquartile_time: 3.64949240000000050e-02
max_time: 7.09252550000000065e-02
mean_time: 2.68893018750000004e-02
stddev_time: 1.55500155456188092e-02
min_nedge: 1.24151398400000000e+09
firstquartile_nedge: 1.24151398400000000e+09
median_nedge: 1.24151398400000000e+09
thirdquartile_nedge: 1.24151398400000000e+09
max_nedge: 1.24151398400000000e+09
mean_nedge: 1.24151398400000000e+09
stddev_nedge: 0.00000000000000000e+00
min_TEPS: 1.75045402938628845e+10
firstquartile_TEPS: 3.55691083359528656e+10
median_TEPS: 6.52923637174515228e+10
thirdquartile_TEPS: 8.38113548319010315e+10
max_TEPS: 9.53776350223652802e+10
harmonic_mean_TEPS: 4.61712985250198135e+10
harmonic_stddev_TEPS: 3.36397775170405817e+09

real	9m2.161s
user	160m51.202s
sys	0m14.565s
