SCALE: 22
nvtx: 4194304
edgefactor: 300
terasize: 2.01326591999999999e-02
A: 5.69999999999999951e-01
B: 1.90000000000000002e-01
C: 1.90000000000000002e-01
D: 5.00000000000000444e-02
generation_time: 2.48433834601000001e+02
construction_time: 1.76026989915999991e+02
nbfs: 64
min_time: 1.22822620000000004e-02
firstquartile_time: 1.60103395000000016e-02
median_time: 2.00762290000000010e-02
thirdquartile_time: 3.35088797499999980e-02
max_time: 7.56545760000000012e-02
mean_time: 2.64472713437499986e-02
stddev_time: 1.52698951597800541e-02
min_nedge: 1.25829120000000000e+09
firstquartile_nedge: 1.25829120000000000e+09
median_nedge: 1.25829120000000000e+09
thirdquartile_nedge: 1.25829120000000000e+09
max_nedge: 1.25829120000000000e+09
mean_nedge: 1.25829120000000000e+09
stddev_nedge: 0.00000000000000000e+00
min_TEPS: 1.66320567311090336e+10
firstquartile_TEPS: 3.98374339606410980e+10
median_TEPS: 6.44716591185561829e+10
thirdquartile_TEPS: 7.95723918942652435e+10
max_TEPS: 1.02447839005551254e+11
harmonic_mean_TEPS: 4.75773543381955948e+10
harmonic_stddev_TEPS: 3.46086929521955967e+09

real	9m8.712s
user	163m34.648s
sys	0m14.984s
