SCALE: 22
nvtx: 4194304
edgefactor: 298
terasize: 1.99984414720000003e-02
A: 5.69999999999999951e-01
B: 1.90000000000000002e-01
C: 1.90000000000000002e-01
D: 5.00000000000000444e-02
generation_time: 2.46819989827999990e+02
construction_time: 1.76454993070999990e+02
nbfs: 64
min_time: 1.25004900000000013e-02
firstquartile_time: 1.79398467500000020e-02
median_time: 2.36796995000000017e-02
thirdquartile_time: 4.16029427500000035e-02
max_time: 8.76634740000000051e-02
mean_time: 3.10357379843750024e-02
stddev_time: 1.74174291957282894e-02
min_nedge: 1.24990259200000000e+09
firstquartile_nedge: 1.24990259200000000e+09
median_nedge: 1.24990259200000000e+09
thirdquartile_nedge: 1.24990259200000000e+09
max_nedge: 1.24990259200000000e+09
mean_nedge: 1.24990259200000000e+09
stddev_nedge: 0.00000000000000000e+00
min_TEPS: 1.42579632652933636e+10
firstquartile_TEPS: 3.15973085186588669e+10
median_TEPS: 5.54184016723684311e+10
thirdquartile_TEPS: 7.23258563515040283e+10
max_TEPS: 9.99882878191174774e+10
harmonic_mean_TEPS: 4.02730101868132095e+10
harmonic_stddev_TEPS: 2.84751351640295553e+09

real	9m11.166s
user	164m15.005s
sys	0m15.649s
