SCALE: 22
nvtx: 4194304
edgefactor: 290
terasize: 1.94615705599999987e-02
A: 5.69999999999999951e-01
B: 1.90000000000000002e-01
C: 1.90000000000000002e-01
D: 5.00000000000000444e-02
generation_time: 2.40395210139000000e+02
construction_time: 1.71579745276000011e+02
nbfs: 64
min_time: 1.11428610000000004e-02
firstquartile_time: 1.80879412499999996e-02
median_time: 2.84717665000000023e-02
thirdquartile_time: 4.21320329999999993e-02
max_time: 1.01656288000000011e-01
mean_time: 3.19659614843749995e-02
stddev_time: 1.81899382115963612e-02
min_nedge: 1.21634816000000000e+09
firstquartile_nedge: 1.21634816000000000e+09
median_nedge: 1.21634816000000000e+09
thirdquartile_nedge: 1.21634816000000000e+09
max_nedge: 1.21634816000000000e+09
mean_nedge: 1.21634816000000000e+09
stddev_nedge: 0.00000000000000000e+00
min_TEPS: 1.19653017430658092e+10
firstquartile_TEPS: 3.17645937006358566e+10
median_TEPS: 4.39238437939705200e+10
thirdquartile_TEPS: 7.39046583907761841e+10
max_TEPS: 1.09159412470459778e+11
harmonic_mean_TEPS: 3.80513553641911392e+10
harmonic_stddev_TEPS: 2.72799335390223646e+09

real	8m51.190s
user	157m43.093s
sys	0m14.072s
