SCALE: 22
nvtx: 4194304
edgefactor: 299
terasize: 2.00655503360000001e-02
A: 5.69999999999999951e-01
B: 1.90000000000000002e-01
C: 1.90000000000000002e-01
D: 5.00000000000000444e-02
generation_time: 2.47633452648999992e+02
construction_time: 1.76909547072999999e+02
nbfs: 64
min_time: 1.42591820000000005e-02
firstquartile_time: 1.98938600000000028e-02
median_time: 3.19856300000000010e-02
thirdquartile_time: 4.96824470000000046e-02
max_time: 9.62228150000000032e-02
mean_time: 3.51192301562500003e-02
stddev_time: 1.85020357939725683e-02
min_nedge: 1.25409689600000000e+09
firstquartile_nedge: 1.25409689600000000e+09
median_nedge: 1.25409689600000000e+09
thirdquartile_nedge: 1.25409689600000000e+09
max_nedge: 1.25409689600000000e+09
mean_nedge: 1.25409689600000000e+09
stddev_nedge: 0.00000000000000000e+00
min_TEPS: 1.30332592743207512e+10
firstquartile_TEPS: 2.64211202479179916e+10
median_TEPS: 4.19379256654930115e+10
thirdquartile_TEPS: 6.41023049481763382e+10
max_TEPS: 8.79501289765429688e+10
harmonic_mean_TEPS: 3.57096921094329376e+10
harmonic_stddev_TEPS: 2.37022928976534653e+09

real	9m9.847s
user	163m29.229s
sys	0m15.419s
