SCALE: 22
nvtx: 4194304
edgefactor: 291
terasize: 1.95286794239999985e-02
A: 5.69999999999999951e-01
B: 1.90000000000000002e-01
C: 1.90000000000000002e-01
D: 5.00000000000000444e-02
generation_time: 2.55026493477999992e+02
construction_time: 1.72987856693999987e+02
nbfs: 64
min_time: 1.38676200000000006e-02
firstquartile_time: 1.74882535000000019e-02
median_time: 2.06663540000000014e-02
thirdquartile_time: 3.08663615000000016e-02
max_time: 7.24122690000000013e-02
mean_time: 2.67083130156250022e-02
stddev_time: 1.59330422725596568e-02
min_nedge: 1.22054246400000000e+09
firstquartile_nedge: 1.22054246400000000e+09
median_nedge: 1.22054246400000000e+09
thirdquartile_nedge: 1.22054246400000000e+09
max_nedge: 1.22054246400000000e+09
mean_nedge: 1.22054246400000000e+09
stddev_nedge: 0.00000000000000000e+00
min_TEPS: 1.68554649765221405e+10
firstquartile_TEPS: 4.63946732117606659e+10
median_TEPS: 6.06895985702448120e+10
thirdquartile_TEPS: 7.12475187720171967e+10
max_TEPS: 8.80138382793875122e+10
harmonic_mean_TEPS: 4.56989725740429001e+10
harmonic_stddev_TEPS: 3.43469685474488974e+09

real	9m8.147s
user	158m31.126s
sys	0m14.694s
