SCALE: 22
nvtx: 4194304
edgefactor: 293
terasize: 1.96628971520000015e-02
A: 5.69999999999999951e-01
B: 1.90000000000000002e-01
C: 1.90000000000000002e-01
D: 5.00000000000000444e-02
generation_time: 2.42755929154999990e+02
construction_time: 1.73199967122000004e+02
nbfs: 64
min_time: 1.13419920000000004e-02
firstquartile_time: 1.77362715000000011e-02
median_time: 2.35282090000000013e-02
thirdquartile_time: 3.95043547500000050e-02
max_time: 7.42117369999999998e-02
mean_time: 2.94257234374999989e-02
stddev_time: 1.54108090825536160e-02
min_nedge: 1.22893107200000000e+09
firstquartile_nedge: 1.22893107200000000e+09
median_nedge: 1.22893107200000000e+09
thirdquartile_nedge: 1.22893107200000000e+09
max_nedge: 1.22893107200000000e+09
mean_nedge: 1.22893107200000000e+09
stddev_nedge: 0.00000000000000000e+00
min_TEPS: 1.65597939312483692e+10
firstquartile_TEPS: 3.37794985120450783e+10
median_TEPS: 5.37983343374780273e+10
thirdquartile_TEPS: 7.05951722153500366e+10
max_TEPS: 1.08352313420781815e+11
harmonic_mean_TEPS: 4.17638354622016296e+10
harmonic_stddev_TEPS: 2.75567751561258078e+09

real	8m56.959s
user	159m30.453s
sys	0m15.234s
