SCALE: 22
nvtx: 4194304
edgefactor: 295
terasize: 1.97971148800000010e-02
A: 5.69999999999999951e-01
B: 1.90000000000000002e-01
C: 1.90000000000000002e-01
D: 5.00000000000000444e-02
generation_time: 2.44459849700000007e+02
construction_time: 1.76390890458999991e+02
nbfs: 64
min_time: 1.40669030000000004e-02
firstquartile_time: 1.85686944999999895e-02
median_time: 2.17112460000000000e-02
thirdquartile_time: 3.57653065000000034e-02
max_time: 8.23958710000000094e-02
mean_time: 2.93307562187500002e-02
stddev_time: 1.74205468164213943e-02
min_nedge: 1.23731968000000000e+09
firstquartile_nedge: 1.23731968000000000e+09
median_nedge: 1.23731968000000000e+09
thirdquartile_nedge: 1.23731968000000000e+09
max_nedge: 1.23731968000000000e+09
mean_nedge: 1.23731968000000000e+09
stddev_nedge: 0.00000000000000000e+00
min_TEPS: 1.50167680125621815e+10
firstquartile_TEPS: 3.66662643390043869e+10
median_TEPS: 5.80439285966465759e+10
thirdquartile_TEPS: 6.77782190585082855e+10
max_TEPS: 8.79596368866693726e+10
harmonic_mean_TEPS: 4.21850589453615952e+10
harmonic_stddev_TEPS: 3.15665346711721373e+09

real	9m2.658s
user	160m42.259s
sys	0m15.649s
