SCALE: 22
nvtx: 4194304
edgefactor: 292
terasize: 1.95957882880000017e-02
A: 5.69999999999999951e-01
B: 1.90000000000000002e-01
C: 1.90000000000000002e-01
D: 5.00000000000000444e-02
generation_time: 2.41885698542999990e+02
construction_time: 1.71138553685999995e+02
nbfs: 64
min_time: 1.04347510000000008e-02
firstquartile_time: 1.65825080000000027e-02
median_time: 1.97869165000000014e-02
thirdquartile_time: 3.29658832500000082e-02
max_time: 8.34589240000000038e-02
mean_time: 2.66318696249999987e-02
stddev_time: 1.64987279645470511e-02
min_nedge: 1.22473676800000000e+09
firstquartile_nedge: 1.22473676800000000e+09
median_nedge: 1.22473676800000000e+09
thirdquartile_nedge: 1.22473676800000000e+09
max_nedge: 1.22473676800000000e+09
mean_nedge: 1.22473676800000000e+09
stddev_nedge: 0.00000000000000000e+00
min_TEPS: 1.46747251138775749e+10
firstquartile_TEPS: 3.83769122026816254e+10
median_TEPS: 6.32548064280204391e+10
thirdquartile_TEPS: 7.62101993113639832e+10
max_TEPS: 1.17370962469540466e+11
harmonic_mean_TEPS: 4.59876375652691345e+10
harmonic_stddev_TEPS: 3.58938159009567356e+09

real	8m52.562s
user	158m43.773s
sys	0m14.128s
