SCALE: 22
nvtx: 4194304
edgefactor: 297
terasize: 1.99313326080000006e-02
A: 5.69999999999999951e-01
B: 1.90000000000000002e-01
C: 1.90000000000000002e-01
D: 5.00000000000000444e-02
generation_time: 2.46094091681000009e+02
construction_time: 1.77566965401000004e+02
nbfs: 64
min_time: 1.10979709999999999e-02
firstquartile_time: 1.75733647500000006e-02
median_time: 2.49288824999999992e-02
thirdquartile_time: 4.56945827500000040e-02
max_time: 7.51525170000000020e-02
mean_time: 3.01093977656250004e-02
stddev_time: 1.66835520713254949e-02
min_nedge: 1.24570828800000000e+09
firstquartile_nedge: 1.24570828800000000e+09
median_nedge: 1.24570828800000000e+09
thirdquartile_nedge: 1.24570828800000000e+09
max_nedge: 1.24570828800000000e+09
mean_nedge: 1.24570828800000000e+09
stddev_nedge: 0.00000000000000000e+00
min_TEPS: 1.65757360861247005e+10
firstquartile_TEPS: 2.95073606254804382e+10
median_TEPS: 5.98613794090738525e+10
thirdquartile_TEPS: 7.87651753301919250e+10
max_TEPS: 1.12246489741232880e+11
harmonic_mean_TEPS: 4.13727400892151947e+10
harmonic_stddev_TEPS: 2.88822127202577353e+09

real	9m11.294s
user	163m41.303s
sys	0m14.782s
