SCALE: 22
nvtx: 4194304
edgefactor: 294
terasize: 1.97300060160000013e-02
A: 5.69999999999999951e-01
B: 1.90000000000000002e-01
C: 1.90000000000000002e-01
D: 5.00000000000000444e-02
generation_time: 2.43465110145000011e+02
construction_time: 1.74282677175999993e+02
nbfs: 64
min_time: 1.16942510000000010e-02
firstquartile_time: 1.44451405000000019e-02
median_time: 1.77668695000000008e-02
thirdquartile_time: 3.40993827500000041e-02
max_time: 6.71790150000000086e-02
mean_time: 2.55769291874999964e-02
stddev_time: 1.51901843056258170e-02
min_nedge: 1.23312537600000000e+09
firstquartile_nedge: 1.23312537600000000e+09
median_nedge: 1.23312537600000000e+09
thirdquartile_nedge: 1.23312537600000000e+09
max_nedge: 1.23312537600000000e+09
mean_nedge: 1.23312537600000000e+09
stddev_nedge: 0.00000000000000000e+00
min_TEPS: 1.83558120939998856e+10
firstquartile_TEPS: 3.79665735029785843e+10
median_TEPS: 7.15596714366244202e+10
thirdquartile_TEPS: 8.60883412423807678e+10
max_TEPS: 1.05447144584120850e+11
harmonic_mean_TEPS: 4.82124091973736725e+10
harmonic_stddev_TEPS: 3.60747393096432543e+09

real	8m58.357s
user	159m47.745s
sys	0m14.666s
