SCALE: 23
nvtx: 8388608
edgefactor: 64
terasize: 8.58993459199999983e-03
A: 5.69999999999999951e-01
B: 1.90000000000000002e-01
C: 1.90000000000000002e-01
D: 5.00000000000000444e-02
generation_time: 1.13341745747000004e+02
construction_time: 7.93255984360000070e+01
nbfs: 64
min_time: 2.18332160000000025e-02
firstquartile_time: 2.83695907500000032e-02
median_time: 3.74744070000000012e-02
thirdquartile_time: 5.44569535000000091e-02
max_time: 2.28841928000000028e-01
mean_time: 4.81884024843750036e-02
stddev_time: 3.44353995181851877e-02
min_nedge: 5.36870912000000000e+08
firstquartile_nedge: 5.36870912000000000e+08
median_nedge: 5.36870912000000000e+08
thirdquartile_nedge: 5.36870912000000000e+08
max_nedge: 5.36870912000000000e+08
mean_nedge: 5.36870912000000000e+08
stddev_nedge: 0.00000000000000000e+00
min_TEPS: 2.34603386141721344e+09
firstquartile_TEPS: 1.00856893204126663e+10
median_TEPS: 1.44580575318172493e+10
thirdquartile_TEPS: 1.91323405261344032e+10
max_TEPS: 2.45896395656965942e+10
harmonic_mean_TEPS: 1.11410813457466125e+10
harmonic_stddev_TEPS: 1.00304326797554302e+09

real	4m29.552s
user	75m19.994s
sys	1m17.262s
