SCALE: 23
nvtx: 8388608
edgefactor: 144
terasize: 1.93273528319999992e-02
A: 5.69999999999999951e-01
B: 1.90000000000000002e-01
C: 1.90000000000000002e-01
D: 5.00000000000000444e-02
generation_time: 2.54471013927999991e+02
construction_time: 1.82320252111000002e+02
nbfs: 64
min_time: 2.18281950000000016e-02
firstquartile_time: 3.59938037499999974e-02
median_time: 4.61920804999999962e-02
thirdquartile_time: 7.74803205000000050e-02
max_time: 4.01945360000000029e-01
mean_time: 7.31596837031250058e-02
stddev_time: 7.17481300274360884e-02
min_nedge: 1.20795955200000000e+09
firstquartile_nedge: 1.20795955200000000e+09
median_nedge: 1.20795955200000000e+09
thirdquartile_nedge: 1.20795955200000000e+09
max_nedge: 1.20795955200000000e+09
mean_nedge: 1.20795955200000000e+09
stddev_nedge: 0.00000000000000000e+00
min_TEPS: 3.00528298672237396e+09
firstquartile_TEPS: 1.69546456683664093e+10
median_TEPS: 2.71907947686311569e+10
thirdquartile_TEPS: 3.38494441665688324e+10
max_TEPS: 5.53394154670141068e+10
harmonic_mean_TEPS: 1.65112735711349468e+10
harmonic_stddev_TEPS: 2.04008877272068667e+09

real	10m5.685s
user	171m4.035s
sys	1m21.136s
