SCALE: 23
nvtx: 8388608
edgefactor: 192
terasize: 2.57698037760000012e-02
A: 5.69999999999999951e-01
B: 1.90000000000000002e-01
C: 1.90000000000000002e-01
D: 5.00000000000000444e-02
generation_time: 3.38429598648000024e+02
construction_time: 2.44378969901000005e+02
nbfs: 64
min_time: 2.62156000000000021e-02
firstquartile_time: 4.61042020000000038e-02
median_time: 1.47006521500000015e-01
thirdquartile_time: 2.52491187000000006e-01
max_time: 6.47183362000000040e-01
mean_time: 1.63643555921874989e-01
stddev_time: 1.41685671975179422e-01
min_nedge: 1.61061273600000000e+09
firstquartile_nedge: 1.61061273600000000e+09
median_nedge: 1.61061273600000000e+09
thirdquartile_nedge: 1.61061273600000000e+09
max_nedge: 1.61061273600000000e+09
mean_nedge: 1.61061273600000000e+09
stddev_nedge: 0.00000000000000000e+00
min_TEPS: 2.48864978701352930e+09
firstquartile_TEPS: 7.67470030895505333e+09
median_TEPS: 1.30173466363477898e+10
thirdquartile_TEPS: 3.79242442635932770e+10
max_TEPS: 6.14371876287401352e+10
harmonic_mean_TEPS: 9.84220079383341026e+09
harmonic_stddev_TEPS: 1.07361599347031522e+09

real	14m17.063s
user	243m51.334s
sys	2m47.072s
