SCALE: 23
nvtx: 8388608
edgefactor: 160
terasize: 2.14748364799999987e-02
A: 5.69999999999999951e-01
B: 1.90000000000000002e-01
C: 1.90000000000000002e-01
D: 5.00000000000000444e-02
generation_time: 2.82450435138999978e+02
construction_time: 2.15589039281999987e+02
nbfs: 64
min_time: 2.27823880000000006e-02
firstquartile_time: 3.76278775000000038e-02
median_time: 5.50034890000000026e-02
thirdquartile_time: 1.50895900750000006e-01
max_time: 4.11465060000000049e-01
mean_time: 1.05501946203125002e-01
stddev_time: 1.06806920915909334e-01
min_nedge: 1.34217728000000000e+09
firstquartile_nedge: 1.34217728000000000e+09
median_nedge: 1.34217728000000000e+09
thirdquartile_nedge: 1.34217728000000000e+09
max_nedge: 1.34217728000000000e+09
mean_nedge: 1.34217728000000000e+09
stddev_nedge: 0.00000000000000000e+00
min_TEPS: 3.26194715050653362e+09
firstquartile_TEPS: 1.10246429572513027e+10
median_TEPS: 2.56720759829326935e+10
thirdquartile_TEPS: 3.81163648003650436e+10
max_TEPS: 5.89129322176410980e+10
harmonic_mean_TEPS: 1.27218248411823540e+10
harmonic_stddev_TEPS: 1.62262461932169652e+09

real	11m55.233s
user	199m48.182s
sys	2m42.407s
