SCALE: 23
nvtx: 8388608
edgefactor: 96
terasize: 1.28849018880000006e-02
A: 5.69999999999999951e-01
B: 1.90000000000000002e-01
C: 1.90000000000000002e-01
D: 5.00000000000000444e-02
generation_time: 1.69673600162000014e+02
construction_time: 1.41610877762999991e+02
nbfs: 64
min_time: 2.05634320000000030e-02
firstquartile_time: 3.08104467500000014e-02
median_time: 4.44186950000000080e-02
thirdquartile_time: 8.15027602500000142e-02
max_time: 6.77130432999999976e-01
mean_time: 1.01981896343750003e-01
stddev_time: 1.40031231751880342e-01
min_nedge: 8.05306368000000000e+08
firstquartile_nedge: 8.05306368000000000e+08
median_nedge: 8.05306368000000000e+08
thirdquartile_nedge: 8.05306368000000000e+08
max_nedge: 8.05306368000000000e+08
mean_nedge: 8.05306368000000000e+08
stddev_nedge: 0.00000000000000000e+00
min_TEPS: 1.18929282860928512e+09
firstquartile_TEPS: 1.12572593290600204e+10
median_TEPS: 1.89540770122941933e+10
thirdquartile_TEPS: 2.71446761695650063e+10
max_TEPS: 3.91620604965163345e+10
harmonic_mean_TEPS: 7.89656200631489372e+09
harmonic_stddev_TEPS: 1.36605945275342536e+09

real	7m25.420s
user	118m55.151s
sys	2m55.017s
