SCALE: 23
nvtx: 8388608
edgefactor: 128
terasize: 1.71798691839999997e-02
A: 5.69999999999999951e-01
B: 1.90000000000000002e-01
C: 1.90000000000000002e-01
D: 5.00000000000000444e-02
generation_time: 2.26053475593000002e+02
construction_time: 1.87265284971999989e+02
nbfs: 64
min_time: 2.45810970000000031e-02
firstquartile_time: 4.46137610000000087e-02
median_time: 1.37799994000000009e-01
thirdquartile_time: 2.16119785750000015e-01
max_time: 6.26814594000000058e-01
mean_time: 1.47930299078124994e-01
stddev_time: 1.25512289588086579e-01
min_nedge: 1.07374182400000000e+09
firstquartile_nedge: 1.07374182400000000e+09
median_nedge: 1.07374182400000000e+09
thirdquartile_nedge: 1.07374182400000000e+09
max_nedge: 1.07374182400000000e+09
mean_nedge: 1.07374182400000000e+09
stddev_nedge: 0.00000000000000000e+00
min_TEPS: 1.71301344014335418e+09
firstquartile_TEPS: 5.20581043730217266e+09
median_TEPS: 1.11285721033626575e+10
thirdquartile_TEPS: 2.46550687787404060e+10
max_TEPS: 4.36816072122411728e+10
harmonic_mean_TEPS: 7.25843069804743004e+09
harmonic_stddev_TEPS: 7.75892540680497885e+08

real	10m3.716s
user	162m19.382s
sys	2m58.684s
