SCALE: 23
nvtx: 8388608
edgefactor: 608
terasize: 8.16043786239999958e-02
A: 5.69999999999999951e-01
B: 1.90000000000000002e-01
C: 1.90000000000000002e-01
D: 5.00000000000000444e-02
generation_time: 1.69719543329999993e+02
construction_time: 1.07261188388999997e+02
nbfs: 64
min_time: 2.01266889999999997e-02
firstquartile_time: 2.70470739999999626e-02
median_time: 3.04668195000000024e-02
thirdquartile_time: 4.38349999999999990e-02
max_time: 7.04168540000000009e-02
mean_time: 3.50125042968749967e-02
stddev_time: 1.24460815357348795e-02
min_nedge: 8.05306368000000000e+08
firstquartile_nedge: 8.05306368000000000e+08
median_nedge: 8.05306368000000000e+08
thirdquartile_nedge: 8.05306368000000000e+08
max_nedge: 8.05306368000000000e+08
mean_nedge: 8.05306368000000000e+08
stddev_nedge: 0.00000000000000000e+00
min_TEPS: 1.14362730263411083e+10
firstquartile_TEPS: 1.89801464071221809e+10
median_TEPS: 2.71009596208604279e+10
thirdquartile_TEPS: 3.18993223880691490e+10
max_TEPS: 4.00118652402290344e+10
harmonic_mean_TEPS: 2.30005360705339966e+10
harmonic_stddev_TEPS: 1.03009469391077983e+09

real	6m13.958s
user	110m48.171s
sys	0m10.616s
