SCALE: 23
nvtx: 8388608
edgefactor: 576
terasize: 7.73094113279999967e-02
A: 5.69999999999999951e-01
B: 1.90000000000000002e-01
C: 1.90000000000000002e-01
D: 5.00000000000000444e-02
generation_time: 1.13333035985999999e+02
construction_time: 6.96855335850000017e+01
nbfs: 64
min_time: 1.78064150000000025e-02
firstquartile_time: 2.30146042500000009e-02
median_time: 2.71055580000000018e-02
thirdquartile_time: 3.68280829999999976e-02
max_time: 6.30562500000000081e-02
mean_time: 3.02662610781249987e-02
stddev_time: 1.04146690391937139e-02
min_nedge: 5.36870912000000000e+08
firstquartile_nedge: 5.36870912000000000e+08
median_nedge: 5.36870912000000000e+08
thirdquartile_nedge: 5.36870912000000000e+08
max_nedge: 5.36870912000000000e+08
mean_nedge: 5.36870912000000000e+08
stddev_nedge: 0.00000000000000000e+00
min_TEPS: 8.51415858063237095e+09
firstquartile_TEPS: 1.48437984729177475e+10
median_TEPS: 2.01224400868223839e+10
thirdquartile_TEPS: 2.34327279973311386e+10
max_TEPS: 3.01504211824783325e+10
harmonic_mean_TEPS: 1.77382634285152740e+10
harmonic_stddev_TEPS: 7.69002098409592271e+08

real	4m8.155s
user	73m57.297s
sys	0m8.541s
