SCALE: 23
nvtx: 8388608
edgefactor: 208
terasize: 2.79172874240000007e-02
A: 5.69999999999999951e-01
B: 1.90000000000000002e-01
C: 1.90000000000000002e-01
D: 5.00000000000000444e-02
generation_time: 4.03140935832000025e+02
construction_time: 2.83453077823999990e+02
nbfs: 64
min_time: 2.86037370000000006e-02
firstquartile_time: 6.67557824999999994e-02
median_time: 2.10946414999999998e-01
thirdquartile_time: 3.08374232250000047e-01
max_time: 4.75513908000000041e-01
mean_time: 2.01140805859374994e-01
stddev_time: 1.25740851832016581e-01
min_nedge: 1.74483046400000000e+09
firstquartile_nedge: 1.74483046400000000e+09
median_nedge: 1.74483046400000000e+09
thirdquartile_nedge: 1.74483046400000000e+09
max_nedge: 1.74483046400000000e+09
mean_nedge: 1.74483046400000000e+09
stddev_nedge: 0.00000000000000000e+00
min_TEPS: 3.66935737240307999e+09
firstquartile_TEPS: 5.79893691307878494e+09
median_TEPS: 8.81423663795883179e+09
thirdquartile_TEPS: 2.80743385829420662e+10
max_TEPS: 6.10000876458904648e+10
harmonic_mean_TEPS: 8.67467173826416779e+09
harmonic_stddev_TEPS: 6.83217508231259584e+08

real	16m25.636s
user	265m4.874s
sys	3m22.555s
