SCALE: 23
nvtx: 8388608
edgefactor: 544
terasize: 7.30144440319999977e-02
A: 5.69999999999999951e-01
B: 1.90000000000000002e-01
C: 1.90000000000000002e-01
D: 5.00000000000000444e-02
generation_time: 5.69006516350000027e+01
construction_time: 3.27025928919999984e+01
nbfs: 64
min_time: 1.55238160000000010e-02
firstquartile_time: 1.78915745000000001e-02
median_time: 2.07345410000000022e-02
thirdquartile_time: 2.59136969999999994e-02
max_time: 4.97765480000000038e-02
mean_time: 2.32341254531250006e-02
stddev_time: 8.28862527079727955e-03
min_nedge: 2.68435456000000000e+08
firstquartile_nedge: 2.68435456000000000e+08
median_nedge: 2.68435456000000000e+08
thirdquartile_nedge: 2.68435456000000000e+08
max_nedge: 2.68435456000000000e+08
mean_nedge: 2.68435456000000000e+08
stddev_nedge: 0.00000000000000000e+00
min_TEPS: 5.39280980272075081e+09
firstquartile_TEPS: 1.06195423065328178e+10
median_TEPS: 1.30858926569058838e+10
thirdquartile_TEPS: 1.52824684120008507e+10
max_TEPS: 1.72918473138305664e+10
harmonic_mean_TEPS: 1.15534994653261337e+10
harmonic_stddev_TEPS: 5.19277433257319033e+08

real	2m3.194s
user	37m4.087s
sys	0m6.628s
