SCALE: 23
nvtx: 8388608
edgefactor: 112
terasize: 1.50323855360000001e-02
A: 5.69999999999999951e-01
B: 1.90000000000000002e-01
C: 1.90000000000000002e-01
D: 5.00000000000000444e-02
generation_time: 1.97900535710000014e+02
construction_time: 1.47694182073000007e+02
nbfs: 64
min_time: 2.08486670000000013e-02
firstquartile_time: 2.95321402500000052e-02
median_time: 3.57705340000000066e-02
thirdquartile_time: 6.33491047500000098e-02
max_time: 1.97002134999999967e-01
mean_time: 5.39486800781250053e-02
stddev_time: 4.21361244271727733e-02
min_nedge: 9.39524096000000000e+08
firstquartile_nedge: 9.39524096000000000e+08
median_nedge: 9.39524096000000000e+08
thirdquartile_nedge: 9.39524096000000000e+08
max_nedge: 9.39524096000000000e+08
mean_nedge: 9.39524096000000000e+08
stddev_nedge: 0.00000000000000000e+00
min_TEPS: 4.76910616222509575e+09
firstquartile_TEPS: 1.57685094675536194e+10
median_TEPS: 2.67512340771170044e+10
thirdquartile_TEPS: 3.21423915440124969e+10
max_TEPS: 4.50639887912258377e+10
harmonic_mean_TEPS: 1.74151451831526146e+10
harmonic_stddev_TEPS: 1.71368339602048993e+09

real	8m1.294s
user	133m52.410s
sys	1m51.816s
