SCALE: 23
nvtx: 8388608
edgefactor: 528
terasize: 7.08669603840000051e-02
A: 5.69999999999999951e-01
B: 1.90000000000000002e-01
C: 1.90000000000000002e-01
D: 5.00000000000000444e-02
generation_time: 2.83964232629999991e+01
construction_time: 1.58964474540000005e+01
nbfs: 64
min_time: 1.50627470000000013e-02
firstquartile_time: 1.62316865000000018e-02
median_time: 1.76371440000000004e-02
thirdquartile_time: 1.93899297499999998e-02
max_time: 2.95711300000000010e-02
mean_time: 1.84131953593749988e-02
stddev_time: 2.97054599156188750e-03
min_nedge: 1.34217727000000000e+08
firstquartile_nedge: 1.34217727000000000e+08
median_nedge: 1.34217727000000000e+08
thirdquartile_nedge: 1.34217727000000000e+08
max_nedge: 1.34217727000000000e+08
mean_nedge: 1.34217727000000000e+08
stddev_nedge: 0.00000000000000000e+00
min_TEPS: 4.53880954160358429e+09
firstquartile_TEPS: 6.98000825858591938e+09
median_TEPS: 7.62960250371731663e+09
thirdquartile_TEPS: 8.31036545803039646e+09
max_TEPS: 8.91057434610034943e+09
harmonic_mean_TEPS: 7.28921430422252178e+09
harmonic_stddev_TEPS: 1.48155426767523766e+08

real	1m2.011s
user	18m45.482s
sys	0m5.092s
