SCALE: 23
nvtx: 8388608
edgefactor: 176
terasize: 2.36223201280000017e-02
A: 5.69999999999999951e-01
B: 1.90000000000000002e-01
C: 1.90000000000000002e-01
D: 5.00000000000000444e-02
generation_time: 3.10533942733999993e+02
construction_time: 2.26976027130000006e+02
nbfs: 64
min_time: 2.57832380000000000e-02
firstquartile_time: 4.04454712500000035e-02
median_time: 5.33185359999999997e-02
thirdquartile_time: 7.51290137500000010e-02
max_time: 1.64632961000000022e-01
mean_time: 6.34284688750000047e-02
stddev_time: 3.42558669520527243e-02
min_nedge: 1.47639500800000000e+09
firstquartile_nedge: 1.47639500800000000e+09
median_nedge: 1.47639500800000000e+09
thirdquartile_nedge: 1.47639500800000000e+09
max_nedge: 1.47639500800000000e+09
mean_nedge: 1.47639500800000000e+09
stddev_nedge: 0.00000000000000000e+00
min_TEPS: 8.96779720799651909e+09
firstquartile_TEPS: 2.16780010686604500e+10
median_TEPS: 2.83285701776316299e+10
thirdquartile_TEPS: 3.72102055097321701e+10
max_TEPS: 5.72618151374160233e+10
harmonic_mean_TEPS: 2.32765355082047920e+10
harmonic_stddev_TEPS: 1.58379439144346905e+09

real	12m1.483s
user	203m45.135s
sys	0m54.845s
