SCALE: 23
nvtx: 8388608
edgefactor: 48
terasize: 6.44245094400000030e-03
A: 5.69999999999999951e-01
B: 1.90000000000000002e-01
C: 1.90000000000000002e-01
D: 5.00000000000000444e-02
generation_time: 8.50844677980000057e+01
construction_time: 5.57761805410000022e+01
nbfs: 64
min_time: 2.10905390000000019e-02
firstquartile_time: 2.48089970000000028e-02
median_time: 3.00877714999999990e-02
thirdquartile_time: 3.82084104999999979e-02
max_time: 1.89284125000000025e-01
mean_time: 3.37426907968749953e-02
stddev_time: 2.12941121628878356e-02
min_nedge: 4.02653184000000000e+08
firstquartile_nedge: 4.02653184000000000e+08
median_nedge: 4.02653184000000000e+08
thirdquartile_nedge: 4.02653184000000000e+08
max_nedge: 4.02653184000000000e+08
mean_nedge: 4.02653184000000000e+08
stddev_nedge: 0.00000000000000000e+00
min_TEPS: 2.12724222910928178e+09
firstquartile_TEPS: 1.09223257747813988e+10
median_TEPS: 1.37271245053142872e+10
thirdquartile_TEPS: 1.64746215598568993e+10
max_TEPS: 1.90916497676991539e+10
harmonic_mean_TEPS: 1.19330490393875408e+10
harmonic_stddev_TEPS: 9.48770069461858392e+08

real	3m15.718s
user	56m8.208s
sys	0m29.068s
