SCALE: 23
nvtx: 8388608
edgefactor: 80
terasize: 1.07374182399999994e-02
A: 5.69999999999999951e-01
B: 1.90000000000000002e-01
C: 1.90000000000000002e-01
D: 5.00000000000000444e-02
generation_time: 1.41642656856000002e+02
construction_time: 1.02794116330999998e+02
nbfs: 64
min_time: 2.32931850000000010e-02
firstquartile_time: 3.33729607500000067e-02
median_time: 5.19536334999999502e-02
thirdquartile_time: 1.08504794750000008e-01
max_time: 6.87031072999999992e-01
mean_time: 9.05854227499999914e-02
stddev_time: 1.06792476693234703e-01
min_nedge: 6.71088640000000000e+08
firstquartile_nedge: 6.71088640000000000e+08
median_nedge: 6.71088640000000000e+08
thirdquartile_nedge: 6.71088640000000000e+08
max_nedge: 6.71088640000000000e+08
mean_nedge: 6.71088640000000000e+08
stddev_nedge: 0.00000000000000000e+00
min_TEPS: 9.76795179102474213e+08
firstquartile_TEPS: 8.07446142103559494e+09
median_TEPS: 1.41912042303733864e+10
thirdquartile_TEPS: 2.14629609126268272e+10
max_TEPS: 2.88105143199609642e+10
harmonic_mean_TEPS: 7.40835136191932201e+09
harmonic_stddev_TEPS: 1.10035707512770629e+09

real	6m3.017s
user	100m9.289s
sys	2m16.753s
