SCALE: 23
nvtx: 8388608
edgefactor: 32
terasize: 4.29496729599999991e-03
A: 5.69999999999999951e-01
B: 1.90000000000000002e-01
C: 1.90000000000000002e-01
D: 5.00000000000000444e-02
generation_time: 5.70212207209999988e+01
construction_time: 3.38107968600000035e+01
nbfs: 64
min_time: 1.82003909999999998e-02
firstquartile_time: 2.10991622500000010e-02
median_time: 2.29859150000000026e-02
thirdquartile_time: 2.66784382500000021e-02
max_time: 3.97490960000000046e-02
mean_time: 2.41409413437499998e-02
stddev_time: 4.41027487851528704e-03
min_nedge: 2.68435456000000000e+08
firstquartile_nedge: 2.68435456000000000e+08
median_nedge: 2.68435456000000000e+08
thirdquartile_nedge: 2.68435456000000000e+08
max_nedge: 2.68435456000000000e+08
mean_nedge: 2.68435456000000000e+08
stddev_nedge: 0.00000000000000000e+00
min_TEPS: 6.75324681597790241e+09
firstquartile_TEPS: 1.02369445568942127e+10
median_TEPS: 1.18858203471435013e+10
thirdquartile_TEPS: 1.28034404549459953e+10
max_TEPS: 1.47488840212278957e+10
harmonic_mean_TEPS: 1.11195107174019527e+10
harmonic_stddev_TEPS: 2.55933337853237450e+08

real	2m5.582s
user	37m24.184s
sys	0m9.181s
