SCALE: 23
nvtx: 8388608
edgefactor: 592
terasize: 7.94568949760000032e-02
A: 5.69999999999999951e-01
B: 1.90000000000000002e-01
C: 1.90000000000000002e-01
D: 5.00000000000000444e-02
generation_time: 1.41603961884999990e+02
construction_time: 8.90145150270000016e+01
nbfs: 64
min_time: 1.76925970000000009e-02
firstquartile_time: 2.32593940000000027e-02
median_time: 3.09600390000000017e-02
thirdquartile_time: 4.33727372500000014e-02
max_time: 9.90486830000000124e-02
mean_time: 3.40064587500000029e-02
stddev_time: 1.54673201816289945e-02
min_nedge: 6.71088640000000000e+08
firstquartile_nedge: 6.71088640000000000e+08
median_nedge: 6.71088640000000000e+08
thirdquartile_nedge: 6.71088640000000000e+08
max_nedge: 6.71088640000000000e+08
mean_nedge: 6.71088640000000000e+08
stddev_nedge: 0.00000000000000000e+00
min_TEPS: 6.77534137430176544e+09
firstquartile_TEPS: 1.69387408055414715e+10
median_TEPS: 2.28008378248762360e+10
thirdquartile_TEPS: 3.11399600092350540e+10
max_TEPS: 3.79304767977250595e+10
harmonic_mean_TEPS: 1.97341524130324211e+10
harmonic_stddev_TEPS: 1.13084184345882201e+09

real	5m12.711s
user	92m26.341s
sys	0m10.715s
