SCALE: 23
nvtx: 8388608
edgefactor: 624
terasize: 8.37518622720000022e-02
A: 5.69999999999999951e-01
B: 1.90000000000000002e-01
C: 1.90000000000000002e-01
D: 5.00000000000000444e-02
generation_time: 2.15001917235999997e+02
construction_time: 1.30021964287000003e+02
nbfs: 64
min_time: 2.13200969999999997e-02
firstquartile_time: 3.44413580000000052e-02
median_time: 4.84461785000000061e-02
thirdquartile_time: 6.09226537500000068e-02
max_time: 8.99463230000000086e-02
mean_time: 4.75437039687499965e-02
stddev_time: 1.61665199458775853e-02
min_nedge: 9.39524096000000000e+08
firstquartile_nedge: 9.39524096000000000e+08
median_nedge: 9.39524096000000000e+08
thirdquartile_nedge: 9.39524096000000000e+08
max_nedge: 9.39524096000000000e+08
mean_nedge: 9.39524096000000000e+08
stddev_nedge: 0.00000000000000000e+00
min_TEPS: 1.04453863667111759e+10
firstquartile_TEPS: 1.56455099640543976e+10
median_TEPS: 2.04209534840747147e+10
thirdquartile_TEPS: 2.79605484879408913e+10
max_TEPS: 4.40675338390815048e+10
harmonic_mean_TEPS: 1.97612726307049980e+10
harmonic_stddev_TEPS: 8.46580312104771614e+08

real	7m38.344s
user	129m14.704s
sys	0m13.888s
