SCALE: 23
nvtx: 8388608
edgefactor: 240
terasize: 3.22122547199999998e-02
A: 5.69999999999999951e-01
B: 1.90000000000000002e-01
C: 1.90000000000000002e-01
D: 5.00000000000000444e-02
generation_time: 4.23014916533000019e+02
construction_time: 3.35506973733999985e+02
nbfs: 64
min_time: 3.00927610000000026e-02
firstquartile_time: 6.74571757500000008e-02
median_time: 1.92440828499999994e-01
thirdquartile_time: 3.46999824750000019e-01
max_time: 8.03210494999999969e-01
mean_time: 2.13359176843749998e-01
stddev_time: 1.62603978078913108e-01
min_nedge: 2.01326592000000000e+09
firstquartile_nedge: 2.01326592000000000e+09
median_nedge: 2.01326592000000000e+09
thirdquartile_nedge: 2.01326592000000000e+09
max_nedge: 2.01326592000000000e+09
mean_nedge: 2.01326592000000000e+09
stddev_nedge: 0.00000000000000000e+00
min_TEPS: 2.50652342385043192e+09
firstquartile_TEPS: 6.30093457775364685e+09
median_TEPS: 1.13224537504287090e+10
thirdquartile_TEPS: 3.25202772676990395e+10
max_TEPS: 6.69020007835106888e+10
harmonic_mean_TEPS: 9.43604090427467918e+09
harmonic_stddev_TEPS: 9.06023326753370047e+08

real	18m19.424s
user	306m23.429s
sys	3m34.877s
