SCALE: 23
nvtx: 8388608
edgefactor: 560
terasize: 7.51619276800000041e-02
A: 5.69999999999999951e-01
B: 1.90000000000000002e-01
C: 1.90000000000000002e-01
D: 5.00000000000000444e-02
generation_time: 8.49919664049999994e+01
construction_time: 5.11076165959999997e+01
nbfs: 64
min_time: 1.56792289999999994e-02
firstquartile_time: 2.01584452500000004e-02
median_time: 2.24267225000000028e-02
thirdquartile_time: 2.82908782500000018e-02
max_time: 9.41736209999999990e-02
mean_time: 2.62339693437500000e-02
stddev_time: 1.35256751259196818e-02
min_nedge: 4.02653184000000000e+08
firstquartile_nedge: 4.02653184000000000e+08
median_nedge: 4.02653184000000000e+08
thirdquartile_nedge: 4.02653184000000000e+08
max_nedge: 4.02653184000000000e+08
mean_nedge: 4.02653184000000000e+08
stddev_nedge: 0.00000000000000000e+00
min_TEPS: 4.27564725370387983e+09
firstquartile_TEPS: 1.44146596959039936e+10
median_TEPS: 1.81871418909993362e+10
thirdquartile_TEPS: 2.01833877384643288e+10
max_TEPS: 2.56806749872713776e+10
harmonic_mean_TEPS: 1.53485421410667458e+10
harmonic_stddev_TEPS: 9.96992293595270276e+08

real	3m6.193s
user	55m31.909s
sys	0m6.685s
