SCALE: 23
nvtx: 8388608
edgefactor: 224
terasize: 3.00647710720000003e-02
A: 5.69999999999999951e-01
B: 1.90000000000000002e-01
C: 1.90000000000000002e-01
D: 5.00000000000000444e-02
generation_time: 3.94933449483999993e+02
construction_time: 3.18714119180000012e+02
nbfs: 64
min_time: 3.04098570000000019e-02
firstquartile_time: 5.63624577500000043e-02
median_time: 1.60965733500000013e-01
thirdquartile_time: 2.95342575999999968e-01
max_time: 8.36386799000000014e-01
mean_time: 1.82814297031249989e-01
stddev_time: 1.57525701412822378e-01
min_nedge: 1.87904819200000000e+09
firstquartile_nedge: 1.87904819200000000e+09
median_nedge: 1.87904819200000000e+09
thirdquartile_nedge: 1.87904819200000000e+09
max_nedge: 1.87904819200000000e+09
mean_nedge: 1.87904819200000000e+09
stddev_nedge: 0.00000000000000000e+00
min_TEPS: 2.24662583657062244e+09
firstquartile_TEPS: 6.61827623331823921e+09
median_TEPS: 1.52065287405811863e+10
thirdquartile_TEPS: 3.94378749383116684e+10
max_TEPS: 6.17907605418861389e+10
harmonic_mean_TEPS: 1.02784531763333492e+10
harmonic_stddev_TEPS: 1.11583184659804440e+09

real	17m8.000s
user	284m45.037s
sys	3m32.900s
