SCALE: 19
nvtx: 524288
edgefactor: 295
terasize: 2.47463936000000013e-03
A: 5.69999999999999951e-01
B: 1.90000000000000002e-01
C: 1.90000000000000002e-01
D: 5.00000000000000444e-02
generation_time: 2.87499844479999993e+01
construction_time: 1.94516077150000015e+01
nbfs: 64
min_time: 1.29213000000000006e-03
firstquartile_time: 1.46756150000000021e-03
median_time: 1.91259450000000027e-03
thirdquartile_time: 3.04202974999999995e-03
max_time: 2.68550520000000008e-02
mean_time: 3.69974946875000019e-03
stddev_time: 5.14727261783526780e-03
min_nedge: 1.54664960000000000e+08
firstquartile_nedge: 1.54664960000000000e+08
median_nedge: 1.54664960000000000e+08
thirdquartile_nedge: 1.54664960000000000e+08
max_nedge: 1.54664960000000000e+08
mean_nedge: 1.54664960000000000e+08
stddev_nedge: 0.00000000000000000e+00
min_TEPS: 5.75925006587214947e+09
firstquartile_TEPS: 5.53663164885294647e+10
median_TEPS: 8.88419259189735107e+10
thirdquartile_TEPS: 1.06923363787470428e+11
max_TEPS: 1.19697677478272308e+11
harmonic_mean_TEPS: 4.18041711489873428e+10
harmonic_stddev_TEPS: 7.32747248838067436e+09

real	1m3.096s
user	19m1.745s
sys	0m1.358s
