SCALE: 19
nvtx: 524288
edgefactor: 297
terasize: 2.49141657600000007e-03
A: 5.69999999999999951e-01
B: 1.90000000000000002e-01
C: 1.90000000000000002e-01
D: 5.00000000000000444e-02
generation_time: 2.88972132329999987e+01
construction_time: 1.95035593799999987e+01
nbfs: 64
min_time: 1.32114300000000010e-03
firstquartile_time: 1.58332275000000011e-03
median_time: 1.90799500000000000e-03
thirdquartile_time: 3.10822425000000001e-03
max_time: 2.70227150000000027e-02
mean_time: 3.56992668750000025e-03
stddev_time: 4.77407404799021825e-03
min_nedge: 1.55713536000000000e+08
firstquartile_nedge: 1.55713536000000000e+08
median_nedge: 1.55713536000000000e+08
thirdquartile_nedge: 1.55713536000000000e+08
max_nedge: 1.55713536000000000e+08
mean_nedge: 1.55713536000000000e+08
stddev_nedge: 0.00000000000000000e+00
min_TEPS: 5.76232018137333679e+09
firstquartile_TEPS: 5.17103981642497940e+10
median_TEPS: 8.42723596423100891e+10
thirdquartile_TEPS: 9.93220108715091705e+10
max_TEPS: 1.17862741580585892e+11
harmonic_mean_TEPS: 4.36181327043008041e+10
harmonic_stddev_TEPS: 7.34897293720482731e+09

real	1m3.553s
user	19m12.075s
sys	0m1.651s
