SCALE: 19
nvtx: 524288
edgefactor: 294
terasize: 2.46625075200000016e-03
A: 5.69999999999999951e-01
B: 1.90000000000000002e-01
C: 1.90000000000000002e-01
D: 5.00000000000000444e-02
generation_time: 2.86230184960000003e+01
construction_time: 1.92736575240000008e+01
nbfs: 64
min_time: 1.31347300000000011e-03
firstquartile_time: 1.44925000000000023e-03
median_time: 2.20546950000000044e-03
thirdquartile_time: 3.91950450000000047e-03
max_time: 3.54894740000000000e-02
mean_time: 4.10692946875000024e-03
stddev_time: 6.12759563585442164e-03
min_nedge: 1.54140672000000000e+08
firstquartile_nedge: 1.54140672000000000e+08
median_nedge: 1.54140672000000000e+08
thirdquartile_nedge: 1.54140672000000000e+08
max_nedge: 1.54140672000000000e+08
mean_nedge: 1.54140672000000000e+08
stddev_nedge: 0.00000000000000000e+00
min_TEPS: 4.34327857324681664e+09
firstquartile_TEPS: 4.97483162893621674e+10
median_TEPS: 7.51036142078615570e+10
thirdquartile_TEPS: 1.06956992871654785e+11
max_TEPS: 1.17353513928341110e+11
harmonic_mean_TEPS: 3.75318527315529480e+10
harmonic_stddev_TEPS: 7.05509039382957649e+09

real	1m2.832s
user	18m58.410s
sys	0m1.572s
