SCALE: 19
nvtx: 524288
edgefactor: 298
terasize: 2.49980518400000004e-03
A: 5.69999999999999951e-01
B: 1.90000000000000002e-01
C: 1.90000000000000002e-01
D: 5.00000000000000444e-02
generation_time: 2.90253298700000002e+01
construction_time: 1.99107155320000011e+01
nbfs: 64
min_time: 1.30874000000000008e-03
firstquartile_time: 1.50842899999999993e-03
median_time: 2.14465000000000012e-03
thirdquartile_time: 3.16438275000000034e-03
max_time: 2.72461230000000006e-02
mean_time: 3.27546398437500007e-03
stddev_time: 3.97532515109535241e-03
min_nedge: 1.56237824000000000e+08
firstquartile_nedge: 1.56237824000000000e+08
median_nedge: 1.56237824000000000e+08
thirdquartile_nedge: 1.56237824000000000e+08
max_nedge: 1.56237824000000000e+08
mean_nedge: 1.56237824000000000e+08
stddev_nedge: 0.00000000000000000e+00
min_TEPS: 5.73431397927697849e+09
firstquartile_TEPS: 5.30543819965627670e+10
median_TEPS: 8.04405184745737610e+10
thirdquartile_TEPS: 1.03726786622657272e+11
max_TEPS: 1.19380338340694092e+11
harmonic_mean_TEPS: 4.76994480004371490e+10
harmonic_stddev_TEPS: 7.29361620007463074e+09

real	1m3.929s
user	19m13.372s
sys	0m1.222s
