SCALE: 19
nvtx: 524288
edgefactor: 292
terasize: 2.44947353600000022e-03
A: 5.69999999999999951e-01
B: 1.90000000000000002e-01
C: 1.90000000000000002e-01
D: 5.00000000000000444e-02
generation_time: 2.83877822930000008e+01
construction_time: 1.92291684130000000e+01
nbfs: 64
min_time: 1.31244900000000004e-03
firstquartile_time: 1.77955350000000029e-03
median_time: 2.51425450000000023e-03
thirdquartile_time: 4.72247525000000015e-03
max_time: 2.74502470000000005e-02
mean_time: 4.95223818750000020e-03
stddev_time: 6.44821424403360481e-03
min_nedge: 1.53092096000000000e+08
firstquartile_nedge: 1.53092096000000000e+08
median_nedge: 1.53092096000000000e+08
thirdquartile_nedge: 1.53092096000000000e+08
max_nedge: 1.53092096000000000e+08
mean_nedge: 1.53092096000000000e+08
stddev_nedge: 0.00000000000000000e+00
min_TEPS: 5.57707535382104206e+09
firstquartile_TEPS: 3.62512340518970032e+10
median_TEPS: 6.58008029125566483e+10
thirdquartile_TEPS: 8.77540893248248444e+10
max_TEPS: 1.16646129487698181e+11
harmonic_mean_TEPS: 3.09137182428788414e+10
harmonic_stddev_TEPS: 5.07129533888290024e+09

real	1m2.988s
user	18m56.551s
sys	0m1.406s
