SCALE: 19
nvtx: 524288
edgefactor: 293
terasize: 2.45786214400000019e-03
A: 5.69999999999999951e-01
B: 1.90000000000000002e-01
C: 1.90000000000000002e-01
D: 5.00000000000000444e-02
generation_time: 2.84945042489999985e+01
construction_time: 1.92140827590000001e+01
nbfs: 64
min_time: 1.28721100000000013e-03
firstquartile_time: 1.55968999999999986e-03
median_time: 2.19075999999999993e-03
thirdquartile_time: 3.52898400000000063e-03
max_time: 3.21834289999999995e-02
mean_time: 3.34338454687500017e-03
stddev_time: 4.35874468559277993e-03
min_nedge: 1.53616384000000000e+08
firstquartile_nedge: 1.53616384000000000e+08
median_nedge: 1.53616384000000000e+08
thirdquartile_nedge: 1.53616384000000000e+08
max_nedge: 1.53616384000000000e+08
mean_nedge: 1.53616384000000000e+08
stddev_nedge: 0.00000000000000000e+00
min_TEPS: 4.77315154951326084e+09
firstquartile_TEPS: 4.72593414921240234e+10
median_TEPS: 7.22113776108557739e+10
thirdquartile_TEPS: 9.99219505049226074e+10
max_TEPS: 1.19340484194122009e+11
harmonic_mean_TEPS: 4.59463701665973206e+10
harmonic_stddev_TEPS: 7.54668169203928947e+09

real	1m2.891s
user	18m55.101s
sys	0m1.560s
