SCALE: 19
nvtx: 524288
edgefactor: 300
terasize: 2.51658239999999998e-03
A: 5.69999999999999951e-01
B: 1.90000000000000002e-01
C: 1.90000000000000002e-01
D: 5.00000000000000444e-02
generation_time: 2.92172798860000000e+01
construction_time: 1.97726407229999985e+01
nbfs: 64
min_time: 1.38596600000000019e-03
firstquartile_time: 1.51978225000000021e-03
median_time: 1.85377650000000008e-03
thirdquartile_time: 2.87047300000000056e-03
max_time: 6.74891300000000048e-03
mean_time: 2.43507248437500011e-03
stddev_time: 1.29642924458287130e-03
min_nedge: 1.57286400000000000e+08
firstquartile_nedge: 1.57286400000000000e+08
median_nedge: 1.57286400000000000e+08
thirdquartile_nedge: 1.57286400000000000e+08
max_nedge: 1.57286400000000000e+08
mean_nedge: 1.57286400000000000e+08
stddev_nedge: 0.00000000000000000e+00
min_TEPS: 2.33054419282038422e+10
firstquartile_TEPS: 5.60507083960399551e+10
median_TEPS: 8.82906616927339783e+10
thirdquartile_TEPS: 1.03953208356392502e+11
max_TEPS: 1.13485034986428223e+11
harmonic_mean_TEPS: 6.45920813483997955e+10
harmonic_stddev_TEPS: 4.33257341161318684e+09

real	1m3.817s
user	19m14.491s
sys	0m1.116s
