SCALE: 19
nvtx: 524288
edgefactor: 291
terasize: 2.44108492799999981e-03
A: 5.69999999999999951e-01
B: 1.90000000000000002e-01
C: 1.90000000000000002e-01
D: 5.00000000000000444e-02
generation_time: 2.82945113359999993e+01
construction_time: 1.90357644020000016e+01
nbfs: 64
min_time: 1.32227300000000011e-03
firstquartile_time: 1.52525775000000017e-03
median_time: 1.97099000000000016e-03
thirdquartile_time: 3.13968475000000026e-03
max_time: 2.58273480000000000e-02
mean_time: 3.53399248437500030e-03
stddev_time: 4.61932003679490968e-03
min_nedge: 1.52567808000000000e+08
firstquartile_nedge: 1.52567808000000000e+08
median_nedge: 1.52567808000000000e+08
thirdquartile_nedge: 1.52567808000000000e+08
max_nedge: 1.52567808000000000e+08
mean_nedge: 1.52567808000000000e+08
stddev_nedge: 0.00000000000000000e+00
min_TEPS: 5.90721927779809189e+09
firstquartile_TEPS: 5.19801857637609406e+10
median_TEPS: 8.50264835676798706e+10
thirdquartile_TEPS: 1.04018600584563278e+11
max_TEPS: 1.15382986720593994e+11
harmonic_mean_TEPS: 4.31715145616621704e+10
harmonic_stddev_TEPS: 7.10950625927362728e+09

real	1m2.196s
user	18m49.884s
sys	0m1.218s
