SCALE: 19
nvtx: 524288
edgefactor: 290
terasize: 2.43269631999999984e-03
A: 5.69999999999999951e-01
B: 1.90000000000000002e-01
C: 1.90000000000000002e-01
D: 5.00000000000000444e-02
generation_time: 2.82789968569999992e+01
construction_time: 1.91403613929999992e+01
nbfs: 64
min_time: 1.35313600000000001e-03
firstquartile_time: 1.50561500000000008e-03
median_time: 2.19103650000000011e-03
thirdquartile_time: 3.06822674999999989e-03
max_time: 2.50692700000000011e-02
mean_time: 3.46050654687500006e-03
stddev_time: 4.40757345425720534e-03
min_nedge: 1.52043520000000000e+08
firstquartile_nedge: 1.52043520000000000e+08
median_nedge: 1.52043520000000000e+08
thirdquartile_nedge: 1.52043520000000000e+08
max_nedge: 1.52043520000000000e+08
mean_nedge: 1.52043520000000000e+08
stddev_nedge: 0.00000000000000000e+00
min_TEPS: 6.06493607512304878e+09
firstquartile_TEPS: 5.26108657772453079e+10
median_TEPS: 7.43731682726509705e+10
thirdquartile_TEPS: 1.01771867938863586e+11
max_TEPS: 1.12363812654456024e+11
harmonic_mean_TEPS: 4.39367814915138474e+10
harmonic_stddev_TEPS: 7.05046643044370461e+09

real	1m2.272s
user	18m49.035s
sys	0m1.254s
