SCALE: 19
nvtx: 524288
edgefactor: 299
terasize: 2.50819379200000001e-03
A: 5.69999999999999951e-01
B: 1.90000000000000002e-01
C: 1.90000000000000002e-01
D: 5.00000000000000444e-02
generation_time: 2.91016240880000012e+01
construction_time: 1.98351843370000012e+01
nbfs: 64
min_time: 1.29791400000000006e-03
firstquartile_time: 1.46518725000000004e-03
median_time: 1.77564750000000016e-03
thirdquartile_time: 2.86774575000000014e-03
max_time: 2.31634310000000017e-02
mean_time: 2.82604090625000011e-03
stddev_time: 3.33165109044550019e-03
min_nedge: 1.56762112000000000e+08
firstquartile_nedge: 1.56762112000000000e+08
median_nedge: 1.56762112000000000e+08
thirdquartile_nedge: 1.56762112000000000e+08
max_nedge: 1.56762112000000000e+08
mean_nedge: 1.56762112000000000e+08
stddev_nedge: 0.00000000000000000e+00
min_TEPS: 6.76765510256231022e+09
firstquartile_TEPS: 5.89554229102492752e+10
median_TEPS: 8.97573928594062347e+10
thirdquartile_TEPS: 1.07626853451308289e+11
max_TEPS: 1.20780045519194641e+11
harmonic_mean_TEPS: 5.54705742770067139e+10
harmonic_stddev_TEPS: 8.23898015524840832e+09

real	1m3.946s
user	19m16.130s
sys	0m1.093s
