SCALE: 19
nvtx: 524288
edgefactor: 296
terasize: 2.48302796800000010e-03
A: 5.69999999999999951e-01
B: 1.90000000000000002e-01
C: 1.90000000000000002e-01
D: 5.00000000000000444e-02
generation_time: 2.88208041379999997e+01
construction_time: 1.98641954150000011e+01
nbfs: 64
min_time: 1.28997100000000000e-03
firstquartile_time: 1.58307875000000017e-03
median_time: 2.31072150000000013e-03
thirdquartile_time: 3.50283124999999996e-03
max_time: 1.97424209999999996e-02
mean_time: 3.09426514062500005e-03
stddev_time: 2.81934495804296928e-03
min_nedge: 1.55189248000000000e+08
firstquartile_nedge: 1.55189248000000000e+08
median_nedge: 1.55189248000000000e+08
thirdquartile_nedge: 1.55189248000000000e+08
max_nedge: 1.55189248000000000e+08
mean_nedge: 1.55189248000000000e+08
stddev_nedge: 0.00000000000000000e+00
min_TEPS: 7.86069996177267265e+09
firstquartile_TEPS: 5.07934730104096527e+10
median_TEPS: 6.99438408779040833e+10
thirdquartile_TEPS: 9.91859638221567688e+10
max_TEPS: 1.20304447154238358e+11
harmonic_mean_TEPS: 5.01538300524090958e+10
harmonic_stddev_TEPS: 5.75737504936739063e+09

real	1m3.796s
user	19m10.524s
sys	0m1.173s
