SCALE: 25
nvtx: 33554432
edgefactor: 48
terasize: 2.57698037760000012e-02
A: 5.69999999999999951e-01
B: 1.90000000000000002e-01
C: 1.90000000000000002e-01
D: 5.00000000000000444e-02
generation_time: 3.39389143091999983e+02
construction_time: 2.06998932516999986e+02
nbfs: 64
min_time: 5.70889100000000066e-02
firstquartile_time: 7.66597857500000146e-02
median_time: 9.21123595000000045e-02
thirdquartile_time: 1.08851450749999926e-01
max_time: 1.87419492000000021e-01
mean_time: 9.55392118124999967e-02
stddev_time: 2.75233058641764054e-02
min_nedge: 1.61061273600000000e+09
firstquartile_nedge: 1.61061273600000000e+09
median_nedge: 1.61061273600000000e+09
thirdquartile_nedge: 1.61061273600000000e+09
max_nedge: 1.61061273600000000e+09
mean_nedge: 1.61061273600000000e+09
stddev_nedge: 0.00000000000000000e+00
min_TEPS: 8.59362448810820580e+09
firstquartile_TEPS: 1.50473222889031181e+10
median_TEPS: 1.78597035894704819e+10
thirdquartile_TEPS: 2.15862359547147598e+10
max_TEPS: 2.82123574613703384e+10
harmonic_mean_TEPS: 1.68581329638860741e+10
harmonic_stddev_TEPS: 6.11868566138247132e+08

real	13m48.143s
user	263m53.326s
sys	0m28.477s
