SCALE: 25
nvtx: 33554432
edgefactor: 544
terasize: 2.92057776127999991e-01
A: 5.69999999999999951e-01
B: 1.90000000000000002e-01
C: 1.90000000000000002e-01
D: 5.00000000000000444e-02
generation_time: 2.26230034568000008e+02
construction_time: 1.35407132068000010e+02
nbfs: 64
min_time: 6.04178380000000015e-02
firstquartile_time: 6.62265674999999443e-02
median_time: 7.60090465000000104e-02
thirdquartile_time: 9.40160662500000022e-02
max_time: 1.58885178999999988e-01
mean_time: 8.14437080624999948e-02
stddev_time: 1.98461483978005365e-02
min_nedge: 1.07374182400000000e+09
firstquartile_nedge: 1.07374182400000000e+09
median_nedge: 1.07374182400000000e+09
thirdquartile_nedge: 1.07374182400000000e+09
max_nedge: 1.07374182400000000e+09
mean_nedge: 1.07374182400000000e+09
stddev_nedge: 0.00000000000000000e+00
min_TEPS: 6.75797346711614990e+09
firstquartile_TEPS: 1.17941422947597980e+10
median_TEPS: 1.45168533892466984e+10
thirdquartile_TEPS: 1.62865537616330757e+10
max_TEPS: 1.77719339113061256e+10
harmonic_mean_TEPS: 1.31838523753855762e+10
harmonic_stddev_TEPS: 4.04753630228469670e+08

real	9m12.314s
user	176m15.803s
sys	0m23.408s
