SCALE: 25
nvtx: 33554432
edgefactor: 416
terasize: 2.23338299392000006e-01
A: 5.69999999999999951e-01
B: 1.90000000000000002e-01
C: 1.90000000000000002e-01
D: 5.00000000000000444e-02
generation_time: 2.26182743342999999e+02
construction_time: 1.32606607853000014e+02
nbfs: 64
min_time: 5.98495500000000014e-02
firstquartile_time: 6.65888147500000027e-02
median_time: 8.10125805000000143e-02
thirdquartile_time: 9.17260672500000013e-02
max_time: 1.23072195000000009e-01
mean_time: 8.04906878437500056e-02
stddev_time: 1.57676507905382644e-02
min_nedge: 1.07374182400000000e+09
firstquartile_nedge: 1.07374182400000000e+09
median_nedge: 1.07374182400000000e+09
thirdquartile_nedge: 1.07374182400000000e+09
max_nedge: 1.07374182400000000e+09
mean_nedge: 1.07374182400000000e+09
stddev_nedge: 0.00000000000000000e+00
min_TEPS: 8.72448747663921928e+09
firstquartile_TEPS: 1.17351672868673801e+10
median_TEPS: 1.38895799646317520e+10
thirdquartile_TEPS: 1.62005473064609642e+10
max_TEPS: 1.79406833301169357e+10
harmonic_mean_TEPS: 1.33399509031947575e+10
harmonic_stddev_TEPS: 3.29234479302319050e+08

real	9m9.038s
user	176m5.887s
sys	0m21.020s
