SCALE: 25
nvtx: 33554432
edgefactor: 400
terasize: 2.14748364800000008e-01
A: 5.69999999999999951e-01
B: 1.90000000000000002e-01
C: 1.90000000000000002e-01
D: 5.00000000000000444e-02
generation_time: 1.13667723034000005e+02
construction_time: 6.28225491729999987e+01
nbfs: 64
min_time: 5.28401260000000011e-02
firstquartile_time: 6.78424925000000040e-02
median_time: 8.19972214999999949e-02
thirdquartile_time: 9.39981482499999965e-02
max_time: 1.28458543000000008e-01
mean_time: 8.25808667812499980e-02
stddev_time: 1.87200763361941337e-02
min_nedge: 5.36870912000000000e+08
firstquartile_nedge: 5.36870912000000000e+08
median_nedge: 5.36870912000000000e+08
thirdquartile_nedge: 5.36870912000000000e+08
max_nedge: 5.36870912000000000e+08
mean_nedge: 5.36870912000000000e+08
stddev_nedge: 0.00000000000000000e+00
min_TEPS: 4.17933209782707834e+09
firstquartile_TEPS: 5.97141646950316525e+09
median_TEPS: 6.69303334299354744e+09
thirdquartile_TEPS: 8.13013475143772125e+09
max_TEPS: 1.01602882627494106e+10
harmonic_mean_TEPS: 6.50115375298890209e+09
harmonic_stddev_TEPS: 1.85672823160232306e+08

real	4m36.284s
user	89m3.200s
sys	0m17.702s
