SCALE: 25
nvtx: 33554432
edgefactor: 32
terasize: 1.71798691839999997e-02
A: 5.69999999999999951e-01
B: 1.90000000000000002e-01
C: 1.90000000000000002e-01
D: 5.00000000000000444e-02
generation_time: 2.26285031233000012e+02
construction_time: 1.35411709704999993e+02
nbfs: 64
min_time: 5.67961700000000069e-02
firstquartile_time: 6.91722784999999202e-02
median_time: 7.92063970000000117e-02
thirdquartile_time: 1.02107564250000005e-01
max_time: 1.58819025999999974e-01
mean_time: 8.64390540937499952e-02
stddev_time: 2.38963150744501314e-02
min_nedge: 1.07374182400000000e+09
firstquartile_nedge: 1.07374182400000000e+09
median_nedge: 1.07374182400000000e+09
thirdquartile_nedge: 1.07374182400000000e+09
max_nedge: 1.07374182400000000e+09
mean_nedge: 1.07374182400000000e+09
stddev_nedge: 0.00000000000000000e+00
min_TEPS: 6.76078837053187943e+09
firstquartile_TEPS: 1.08633596542569809e+10
median_TEPS: 1.37142991813061180e+10
thirdquartile_TEPS: 1.56343393895398979e+10
max_TEPS: 1.89051801204200897e+10
harmonic_mean_TEPS: 1.24219524988721180e+10
harmonic_stddev_TEPS: 4.32653797091840863e+08

real	9m12.151s
user	176m11.936s
sys	0m26.501s
