SCALE: 25
nvtx: 33554432
edgefactor: 432
terasize: 2.31928233984000004e-01
A: 5.69999999999999951e-01
B: 1.90000000000000002e-01
C: 1.90000000000000002e-01
D: 5.00000000000000444e-02
generation_time: 3.39361161122999988e+02
construction_time: 2.08389714359999999e+02
nbfs: 64
min_time: 6.09566060000000035e-02
firstquartile_time: 7.99806297499999624e-02
median_time: 9.25889205000000048e-02
thirdquartile_time: 1.09023107750000001e-01
max_time: 1.67998199000000015e-01
mean_time: 9.69272834218749962e-02
stddev_time: 2.37569168189379239e-02
min_nedge: 1.61061273600000000e+09
firstquartile_nedge: 1.61061273600000000e+09
median_nedge: 1.61061273600000000e+09
thirdquartile_nedge: 1.61061273600000000e+09
max_nedge: 1.61061273600000000e+09
mean_nedge: 1.61061273600000000e+09
stddev_nedge: 0.00000000000000000e+00
min_TEPS: 9.58708334724469185e+09
firstquartile_TEPS: 1.52176580141806679e+10
median_TEPS: 1.75206425751360855e+10
thirdquartile_TEPS: 2.04192515171215057e+10
max_TEPS: 2.64222836816078606e+10
harmonic_mean_TEPS: 1.66167118187953835e+10
harmonic_stddev_TEPS: 5.13119889931774139e+08

real	13m50.149s
user	263m23.784s
sys	0m27.362s
