SCALE: 25
nvtx: 33554432
edgefactor: 272
terasize: 1.46028888063999995e-01
A: 5.69999999999999951e-01
B: 1.90000000000000002e-01
C: 1.90000000000000002e-01
D: 5.00000000000000444e-02
generation_time: 1.13719859447000005e+02
construction_time: 6.35665510290000029e+01
nbfs: 64
min_time: 5.64519420000000050e-02
firstquartile_time: 6.36235037500000045e-02
median_time: 7.38092495000000071e-02
thirdquartile_time: 8.26307834999999991e-02
max_time: 1.05044695000000007e-01
mean_time: 7.41390299062500008e-02
stddev_time: 1.23849758026849579e-02
min_nedge: 5.36870912000000000e+08
firstquartile_nedge: 5.36870912000000000e+08
median_nedge: 5.36870912000000000e+08
thirdquartile_nedge: 5.36870912000000000e+08
max_nedge: 5.36870912000000000e+08
mean_nedge: 5.36870912000000000e+08
stddev_nedge: 0.00000000000000000e+00
min_TEPS: 5.11088077317945480e+09
firstquartile_TEPS: 6.52802699415025520e+09
median_TEPS: 7.35183342235518456e+09
thirdquartile_TEPS: 8.64002236566450119e+09
max_TEPS: 9.51022928493761826e+09
harmonic_mean_TEPS: 7.24140729490097046e+09
harmonic_stddev_TEPS: 1.52405613598012179e+08

real	4m36.729s
user	88m55.265s
sys	0m18.984s
