SCALE: 25
nvtx: 33554432
edgefactor: 288
terasize: 1.54618822655999993e-01
A: 5.69999999999999951e-01
B: 1.90000000000000002e-01
C: 1.90000000000000002e-01
D: 5.00000000000000444e-02
generation_time: 2.26221930756999996e+02
construction_time: 1.32587375237000003e+02
nbfs: 64
min_time: 5.37648450000000055e-02
firstquartile_time: 6.54495537500000002e-02
median_time: 7.35232185000000149e-02
thirdquartile_time: 8.91007270000000184e-02
max_time: 1.26770600000000011e-01
mean_time: 7.84043234999999977e-02
stddev_time: 1.77169616888213088e-02
min_nedge: 1.07374182400000000e+09
firstquartile_nedge: 1.07374182400000000e+09
median_nedge: 1.07374182400000000e+09
thirdquartile_nedge: 1.07374182400000000e+09
max_nedge: 1.07374182400000000e+09
mean_nedge: 1.07374182400000000e+09
stddev_nedge: 0.00000000000000000e+00
min_TEPS: 8.46995931233266926e+09
firstquartile_TEPS: 1.24161496878418961e+10
median_TEPS: 1.48905080843867798e+10
thirdquartile_TEPS: 1.65867358805488739e+10
max_TEPS: 1.99710763417991791e+10
harmonic_mean_TEPS: 1.36949313005678825e+10
harmonic_stddev_TEPS: 3.89887056241489470e+08

real	9m7.832s
user	176m5.563s
sys	0m23.065s
