SCALE: 25
nvtx: 33554432
edgefactor: 304
terasize: 1.63208757247999992e-01
A: 5.69999999999999951e-01
B: 1.90000000000000002e-01
C: 1.90000000000000002e-01
D: 5.00000000000000444e-02
generation_time: 3.39290192961999992e+02
construction_time: 2.06195974272999990e+02
nbfs: 64
min_time: 5.81213070000000040e-02
firstquartile_time: 7.46662597500000053e-02
median_time: 8.55840710000000116e-02
thirdquartile_time: 1.10333589250000003e-01
max_time: 1.81091334000000020e-01
mean_time: 9.43967365312499973e-02
stddev_time: 3.07283590008663940e-02
min_nedge: 1.61061273600000000e+09
firstquartile_nedge: 1.61061273600000000e+09
median_nedge: 1.61061273600000000e+09
thirdquartile_nedge: 1.61061273600000000e+09
max_nedge: 1.61061273600000000e+09
mean_nedge: 1.61061273600000000e+09
stddev_nedge: 0.00000000000000000e+00
min_TEPS: 8.89392496274835396e+09
firstquartile_TEPS: 1.58714193863572769e+10
median_TEPS: 1.89049168678355370e+10
thirdquartile_TEPS: 2.21933634337459984e+10
max_TEPS: 2.77112270720271301e+10
harmonic_mean_TEPS: 1.70621654432598667e+10
harmonic_stddev_TEPS: 6.99755405359661579e+08

real	13m46.171s
user	263m47.418s
sys	0m25.168s
