SCALE: 25
nvtx: 33554432
edgefactor: 560
terasize: 3.00647710720000017e-01
A: 5.69999999999999951e-01
B: 1.90000000000000002e-01
C: 1.90000000000000002e-01
D: 5.00000000000000444e-02
generation_time: 3.39370720748999986e+02
construction_time: 2.08630057171999994e+02
nbfs: 64
min_time: 6.24703320000000034e-02
firstquartile_time: 8.19380137500000105e-02
median_time: 9.92906059999999618e-02
thirdquartile_time: 1.18382411999999923e-01
max_time: 1.76743711999999997e-01
mean_time: 1.02370572453125003e-01
stddev_time: 2.80379870358796954e-02
min_nedge: 1.61061273600000000e+09
firstquartile_nedge: 1.61061273600000000e+09
median_nedge: 1.61061273600000000e+09
thirdquartile_nedge: 1.61061273600000000e+09
max_nedge: 1.61061273600000000e+09
mean_nedge: 1.61061273600000000e+09
stddev_nedge: 0.00000000000000000e+00
min_TEPS: 9.11270176333062363e+09
firstquartile_TEPS: 1.43076983765872288e+10
median_TEPS: 1.67170778094057846e+10
thirdquartile_TEPS: 1.99506690656790047e+10
max_TEPS: 2.57820422020488052e+10
harmonic_mean_TEPS: 1.57331613705441761e+10
harmonic_stddev_TEPS: 5.42896974184011102e+08

real	13m51.247s
user	263m49.571s
sys	0m24.264s
