SCALE: 25
nvtx: 33554432
edgefactor: 176
terasize: 9.44892805120000068e-02
A: 5.69999999999999951e-01
B: 1.90000000000000002e-01
C: 1.90000000000000002e-01
D: 5.00000000000000444e-02
generation_time: 3.39324444237000023e+02
construction_time: 2.06496413579000006e+02
nbfs: 64
min_time: 5.86628050000000054e-02
firstquartile_time: 7.67579352500000062e-02
median_time: 9.57679260000000032e-02
thirdquartile_time: 1.15684685499999995e-01
max_time: 1.89513823999999942e-01
mean_time: 9.96261056874999940e-02
stddev_time: 3.09316311514657126e-02
min_nedge: 1.61061273600000000e+09
firstquartile_nedge: 1.61061273600000000e+09
median_nedge: 1.61061273600000000e+09
thirdquartile_nedge: 1.61061273600000000e+09
max_nedge: 1.61061273600000000e+09
mean_nedge: 1.61061273600000000e+09
stddev_nedge: 0.00000000000000000e+00
min_TEPS: 8.49865567590467930e+09
firstquartile_TEPS: 1.41319074069474468e+10
median_TEPS: 1.77755640499824715e+10
thirdquartile_TEPS: 2.16522689900445862e+10
max_TEPS: 2.74554334045226746e+10
harmonic_mean_TEPS: 1.61665732579375744e+10
harmonic_stddev_TEPS: 6.32378896206635714e+08

real	13m47.480s
user	263m44.301s
sys	0m30.166s
