SCALE: 25
nvtx: 33554432
edgefactor: 144
terasize: 7.73094113279999967e-02
A: 5.69999999999999951e-01
B: 1.90000000000000002e-01
C: 1.90000000000000002e-01
D: 5.00000000000000444e-02
generation_time: 1.13697972763999999e+02
construction_time: 6.34671534439999974e+01
nbfs: 64
min_time: 5.64107380000000019e-02
firstquartile_time: 6.99308315000000125e-02
median_time: 8.57359565000000018e-02
thirdquartile_time: 1.04755384750000013e-01
max_time: 1.31517330000000016e-01
mean_time: 8.66322317499999967e-02
stddev_time: 2.06050325050867629e-02
min_nedge: 5.36870912000000000e+08
firstquartile_nedge: 5.36870912000000000e+08
median_nedge: 5.36870912000000000e+08
thirdquartile_nedge: 5.36870912000000000e+08
max_nedge: 5.36870912000000000e+08
mean_nedge: 5.36870912000000000e+08
stddev_nedge: 0.00000000000000000e+00
min_TEPS: 4.08213056028433609e+09
firstquartile_TEPS: 5.32353102354929733e+09
median_TEPS: 6.34362994320270157e+09
thirdquartile_TEPS: 8.12486742062610245e+09
max_TEPS: 9.51717582563801956e+09
harmonic_mean_TEPS: 6.19712664853517437e+09
harmonic_stddev_TEPS: 1.85700852952386171e+08

real	4m37.355s
user	89m3.881s
sys	0m18.129s
