SCALE: 25
nvtx: 33554432
edgefactor: 160
terasize: 8.58993459199999948e-02
A: 5.69999999999999951e-01
B: 1.90000000000000002e-01
C: 1.90000000000000002e-01
D: 5.00000000000000444e-02
generation_time: 2.26177730755999988e+02
construction_time: 1.33094388525999989e+02
nbfs: 64
min_time: 5.33808900000000003e-02
firstquartile_time: 6.84237485000000062e-02
median_time: 8.06999760000000066e-02
thirdquartile_time: 1.01992966999999990e-01
max_time: 1.49235088000000016e-01
mean_time: 8.51472480937500026e-02
stddev_time: 2.20368469398638765e-02
min_nedge: 1.07374182400000000e+09
firstquartile_nedge: 1.07374182400000000e+09
median_nedge: 1.07374182400000000e+09
thirdquartile_nedge: 1.07374182400000000e+09
max_nedge: 1.07374182400000000e+09
mean_nedge: 1.07374182400000000e+09
stddev_nedge: 0.00000000000000000e+00
min_TEPS: 7.19496894724918747e+09
firstquartile_TEPS: 1.08008495470129433e+10
median_TEPS: 1.35277278905713196e+10
thirdquartile_TEPS: 1.60752079791065273e+10
max_TEPS: 2.01147231527986870e+10
harmonic_mean_TEPS: 1.26104113525521564e+10
harmonic_stddev_TEPS: 4.11185524872881830e+08

real	9m8.817s
user	176m7.925s
sys	0m20.444s
