SCALE: 25
nvtx: 33554432
edgefactor: 528
terasize: 2.83467841536000020e-01
A: 5.69999999999999951e-01
B: 1.90000000000000002e-01
C: 1.90000000000000002e-01
D: 5.00000000000000444e-02
generation_time: 1.13719491610999995e+02
construction_time: 6.37952932959999970e+01
nbfs: 64
min_time: 5.18166660000000043e-02
firstquartile_time: 6.04718622499999803e-02
median_time: 6.93946284999999996e-02
thirdquartile_time: 8.12394205000000064e-02
max_time: 9.49204240000000032e-02
mean_time: 7.11521749531249942e-02
stddev_time: 1.23716115659454166e-02
min_nedge: 5.36870912000000000e+08
firstquartile_nedge: 5.36870912000000000e+08
median_nedge: 5.36870912000000000e+08
thirdquartile_nedge: 5.36870912000000000e+08
max_nedge: 5.36870912000000000e+08
mean_nedge: 5.36870912000000000e+08
stddev_nedge: 0.00000000000000000e+00
min_TEPS: 5.65601047041256332e+09
firstquartile_TEPS: 6.74760087114692783e+09
median_TEPS: 7.88851718609217262e+09
thirdquartile_TEPS: 9.05954728325278473e+09
max_TEPS: 1.03609698084396229e+10
harmonic_mean_TEPS: 7.54539003696921635e+09
harmonic_stddev_TEPS: 1.65291117360861212e+08

real	4m36.467s
user	88m58.839s
sys	0m17.932s
