SCALE: 24
nvtx: 16777216
edgefactor: 288
terasize: 7.73094113279999967e-02
A: 5.69999999999999951e-01
B: 1.90000000000000002e-01
C: 1.90000000000000002e-01
D: 5.00000000000000444e-02
generation_time: 1.11377711649000005e+02
construction_time: 6.67029718480000042e+01
nbfs: 64
min_time: 3.93929070000000048e-02
firstquartile_time: 4.46967145000000052e-02
median_time: 5.08247495000000021e-02
thirdquartile_time: 5.71907614999999855e-02
max_time: 6.72925540000000044e-02
mean_time: 5.10300559687500016e-02
stddev_time: 7.67935744332258474e-03
min_nedge: 5.36870912000000000e+08
firstquartile_nedge: 5.36870912000000000e+08
median_nedge: 5.36870912000000000e+08
thirdquartile_nedge: 5.36870912000000000e+08
max_nedge: 5.36870912000000000e+08
mean_nedge: 5.36870912000000000e+08
stddev_nedge: 0.00000000000000000e+00
min_TEPS: 7.97816221984976196e+09
firstquartile_TEPS: 9.49977132456200027e+09
median_TEPS: 1.07560472274388504e+10
thirdquartile_TEPS: 1.25248271244997349e+10
max_TEPS: 1.36286187764716110e+10
harmonic_mean_TEPS: 1.05206804462211704e+10
harmonic_stddev_TEPS: 1.99467614091803104e+08

real	4m18.905s
user	80m19.060s
sys	0m18.339s
