SCALE: 24
nvtx: 16777216
edgefactor: 576
terasize: 1.54618822655999993e-01
A: 5.69999999999999951e-01
B: 1.90000000000000002e-01
C: 1.90000000000000002e-01
D: 5.00000000000000444e-02
generation_time: 2.21335584645000012e+02
construction_time: 1.41319253515000014e+02
nbfs: 64
min_time: 4.12446910000000000e-02
firstquartile_time: 4.72646667500000034e-02
median_time: 5.57087430000000050e-02
thirdquartile_time: 6.28319857499999995e-02
max_time: 1.01719080000000003e-01
mean_time: 5.87231731718749969e-02
stddev_time: 1.53544150853739039e-02
min_nedge: 1.07374182400000000e+09
firstquartile_nedge: 1.07374182400000000e+09
median_nedge: 1.07374182400000000e+09
thirdquartile_nedge: 1.07374182400000000e+09
max_nedge: 1.07374182400000000e+09
mean_nedge: 1.07374182400000000e+09
stddev_nedge: 0.00000000000000000e+00
min_TEPS: 1.05559529637900772e+10
firstquartile_TEPS: 1.72637616077929878e+10
median_TEPS: 1.98046440163702393e+10
thirdquartile_TEPS: 2.29425316753780060e+10
max_TEPS: 2.60334554088428001e+10
harmonic_mean_TEPS: 1.82848059122639542e+10
harmonic_stddev_TEPS: 6.02342964317206979e+08

real	8m38.780s
user	159m26.233s
sys	0m21.758s
