SCALE: 24
nvtx: 16777216
edgefactor: 368
terasize: 9.87842478080000058e-02
A: 5.69999999999999951e-01
B: 1.90000000000000002e-01
C: 1.90000000000000002e-01
D: 5.00000000000000444e-02
generation_time: 3.87050031779999983e+02
construction_time: 2.59941138309999985e+02
nbfs: 64
min_time: 4.01711090000000035e-02
firstquartile_time: 4.62446857500000072e-02
median_time: 5.58767215000000039e-02
thirdquartile_time: 6.69313342499999880e-02
max_time: 1.38613449000000000e-01
mean_time: 6.20045631406250033e-02
stddev_time: 2.46557722705646083e-02
min_nedge: 1.87904819200000000e+09
firstquartile_nedge: 1.87904819200000000e+09
median_nedge: 1.87904819200000000e+09
thirdquartile_nedge: 1.87904819200000000e+09
max_nedge: 1.87904819200000000e+09
mean_nedge: 1.87904819200000000e+09
stddev_nedge: 0.00000000000000000e+00
min_TEPS: 1.35560308581600914e+10
firstquartile_TEPS: 2.95930053152664871e+10
median_TEPS: 3.41928536999854660e+10
thirdquartile_TEPS: 4.19189414555207367e+10
max_TEPS: 4.67761094671297150e+10
harmonic_mean_TEPS: 3.03049984843592796e+10
harmonic_stddev_TEPS: 1.51823482863856387e+09

real	15m13.683s
user	279m9.814s
sys	0m27.871s
