SCALE: 24
nvtx: 16777216
edgefactor: 96
terasize: 2.57698037760000012e-02
A: 5.69999999999999951e-01
B: 1.90000000000000002e-01
C: 1.90000000000000002e-01
D: 5.00000000000000444e-02
generation_time: 3.32279141433000007e+02
construction_time: 2.17265057307000006e+02
nbfs: 64
min_time: 4.32844090000000029e-02
firstquartile_time: 4.93902407500000015e-02
median_time: 5.72708474999999995e-02
thirdquartile_time: 6.95196425000000062e-02
max_time: 1.34085461000000017e-01
mean_time: 6.35863548593749994e-02
stddev_time: 2.26592916900454251e-02
min_nedge: 1.61061273600000000e+09
firstquartile_nedge: 1.61061273600000000e+09
median_nedge: 1.61061273600000000e+09
thirdquartile_nedge: 1.61061273600000000e+09
max_nedge: 1.61061273600000000e+09
mean_nedge: 1.61061273600000000e+09
stddev_nedge: 0.00000000000000000e+00
min_TEPS: 1.20118372565389462e+10
firstquartile_TEPS: 2.43831940451295319e+10
median_TEPS: 2.86064600249054565e+10
thirdquartile_TEPS: 3.31991708712872963e+10
max_TEPS: 3.72099971608714752e+10
harmonic_mean_TEPS: 2.53295339788224335e+10
harmonic_stddev_TEPS: 1.13720647946329093e+09

real	12m59.962s
user	238m37.875s
sys	0m25.055s
