SCALE: 24
nvtx: 16777216
edgefactor: 272
terasize: 7.30144440319999977e-02
A: 5.69999999999999951e-01
B: 1.90000000000000002e-01
C: 1.90000000000000002e-01
D: 5.00000000000000444e-02
generation_time: 5.58939539180000011e+01
construction_time: 3.14301200819999984e+01
nbfs: 64
min_time: 3.60608820000000024e-02
firstquartile_time: 4.09991802500000030e-02
median_time: 4.48535500000000059e-02
thirdquartile_time: 5.04843805000000020e-02
max_time: 6.25658420000000104e-02
mean_time: 4.53407502968750029e-02
stddev_time: 6.01995652694108964e-03
min_nedge: 2.68435455000000000e+08
firstquartile_nedge: 2.68435455000000000e+08
median_nedge: 2.68435455000000000e+08
thirdquartile_nedge: 2.68435455000000000e+08
max_nedge: 2.68435455000000000e+08
mean_nedge: 2.68435455000000000e+08
stddev_nedge: 0.00000000000000000e+00
min_TEPS: 4.29044741378210735e+09
firstquartile_TEPS: 5.40299642756783199e+09
median_TEPS: 6.02634603021667290e+09
thirdquartile_TEPS: 6.68425423518203259e+09
max_TEPS: 7.44395145409920883e+09
harmonic_mean_TEPS: 5.92040169698076725e+09
harmonic_stddev_TEPS: 9.90342808373615593e+07

real	2m10.127s
user	40m48.869s
sys	0m16.249s
