SCALE: 24
nvtx: 16777216
edgefactor: 336
terasize: 9.01943132159999938e-02
A: 5.69999999999999951e-01
B: 1.90000000000000002e-01
C: 1.90000000000000002e-01
D: 5.00000000000000444e-02
generation_time: 2.77049792680999985e+02
construction_time: 1.78325327531999989e+02
nbfs: 64
min_time: 4.23472840000000059e-02
firstquartile_time: 4.85934000000000019e-02
median_time: 5.60372500000000037e-02
thirdquartile_time: 6.36381437500000147e-02
max_time: 1.10040424000000012e-01
mean_time: 6.00563705156249988e-02
stddev_time: 1.71873418826301236e-02
min_nedge: 1.34217728000000000e+09
firstquartile_nedge: 1.34217728000000000e+09
median_nedge: 1.34217728000000000e+09
thirdquartile_nedge: 1.34217728000000000e+09
max_nedge: 1.34217728000000000e+09
mean_nedge: 1.34217728000000000e+09
stddev_nedge: 0.00000000000000000e+00
min_TEPS: 1.21971293022280598e+10
firstquartile_TEPS: 2.15611782849454117e+10
median_TEPS: 2.43482720698261642e+10
thirdquartile_TEPS: 2.78900428301111450e+10
max_TEPS: 3.16945303977464027e+10
harmonic_mean_TEPS: 2.23486246084551964e+10
harmonic_stddev_TEPS: 8.05805374299457073e+08

real	10m48.823s
user	199m1.857s
sys	0m22.558s
