SCALE: 24
nvtx: 16777216
edgefactor: 80
terasize: 2.14748364799999987e-02
A: 5.69999999999999951e-01
B: 1.90000000000000002e-01
C: 1.90000000000000002e-01
D: 5.00000000000000444e-02
generation_time: 2.76935318009000014e+02
construction_time: 1.79418367536000005e+02
nbfs: 64
min_time: 4.10220350000000053e-02
firstquartile_time: 4.88754747500000086e-02
median_time: 5.49647720000000090e-02
thirdquartile_time: 6.30980362500000030e-02
max_time: 1.06014186000000010e-01
mean_time: 5.94234991718750050e-02
stddev_time: 1.64800191181712768e-02
min_nedge: 1.34217728000000000e+09
firstquartile_nedge: 1.34217728000000000e+09
median_nedge: 1.34217728000000000e+09
thirdquartile_nedge: 1.34217728000000000e+09
max_nedge: 1.34217728000000000e+09
mean_nedge: 1.34217728000000000e+09
stddev_nedge: 0.00000000000000000e+00
min_TEPS: 1.26603554735589809e+10
firstquartile_TEPS: 2.17054894332004967e+10
median_TEPS: 2.48186103157871323e+10
thirdquartile_TEPS: 2.85201190819070969e+10
max_TEPS: 3.27184470492504768e+10
harmonic_mean_TEPS: 2.25866416267059746e+10
harmonic_stddev_TEPS: 7.89188732016846538e+08

real	10m49.652s
user	199m1.578s
sys	0m23.198s
