SCALE: 24
nvtx: 16777216
edgefactor: 592
terasize: 1.58913789952000006e-01
A: 5.69999999999999951e-01
B: 1.90000000000000002e-01
C: 1.90000000000000002e-01
D: 5.00000000000000444e-02
generation_time: 2.76844548198999973e+02
construction_time: 1.77861486673999991e+02
nbfs: 64
min_time: 4.23079510000000034e-02
firstquartile_time: 4.82046895000000017e-02
median_time: 5.47704920000000040e-02
thirdquartile_time: 6.27072237500000129e-02
max_time: 1.05091767000000003e-01
mean_time: 5.88359122968750009e-02
stddev_time: 1.61979831186252303e-02
min_nedge: 1.34217728000000000e+09
firstquartile_nedge: 1.34217728000000000e+09
median_nedge: 1.34217728000000000e+09
thirdquartile_nedge: 1.34217728000000000e+09
max_nedge: 1.34217728000000000e+09
mean_nedge: 1.34217728000000000e+09
stddev_nedge: 0.00000000000000000e+00
min_TEPS: 1.27714788542855110e+10
firstquartile_TEPS: 2.21082402937712708e+10
median_TEPS: 2.47841477366884003e+10
thirdquartile_TEPS: 2.81737525981751213e+10
max_TEPS: 3.17239962767282181e+10
harmonic_mean_TEPS: 2.28122115830825348e+10
harmonic_stddev_TEPS: 7.91253358448720694e+08

real	10m47.653s
user	199m1.220s
sys	0m23.108s
