SCALE: 24
nvtx: 16777216
edgefactor: 304
terasize: 8.16043786239999958e-02
A: 5.69999999999999951e-01
B: 1.90000000000000002e-01
C: 1.90000000000000002e-01
D: 5.00000000000000444e-02
generation_time: 1.66737227584999999e+02
construction_time: 1.04296610146000006e+02
nbfs: 64
min_time: 4.12459319999999297e-02
firstquartile_time: 4.64312124999999992e-02
median_time: 5.45795079999999988e-02
thirdquartile_time: 6.29859737500000072e-02
max_time: 9.39601670000000111e-02
mean_time: 5.50621864062499980e-02
stddev_time: 1.02596284165067993e-02
min_nedge: 8.05306368000000000e+08
firstquartile_nedge: 8.05306368000000000e+08
median_nedge: 8.05306368000000000e+08
thirdquartile_nedge: 8.05306368000000000e+08
max_nedge: 8.05306368000000000e+08
mean_nedge: 8.05306368000000000e+08
stddev_nedge: 0.00000000000000000e+00
min_TEPS: 8.57072090985108471e+09
firstquartile_TEPS: 1.29101183822698650e+10
median_TEPS: 1.53367423528287315e+10
thirdquartile_TEPS: 1.76618366630935822e+10
max_TEPS: 1.95245040892760391e+10
harmonic_mean_TEPS: 1.46253975833511639e+10
harmonic_stddev_TEPS: 3.43333029514425576e+08

real	6m29.468s
user	119m51.984s
sys	0m19.825s
