SCALE: 24
nvtx: 16777216
edgefactor: 560
terasize: 1.50323855360000008e-01
A: 5.69999999999999951e-01
B: 1.90000000000000002e-01
C: 1.90000000000000002e-01
D: 5.00000000000000444e-02
generation_time: 1.66570595730000008e+02
construction_time: 1.03559509101000003e+02
nbfs: 64
min_time: 4.05763240000000039e-02
firstquartile_time: 4.48106257499999994e-02
median_time: 5.11186420000000058e-02
thirdquartile_time: 6.10268295000000044e-02
max_time: 8.80875009999999986e-02
mean_time: 5.28781595937500015e-02
stddev_time: 9.90491381861950508e-03
min_nedge: 8.05306368000000000e+08
firstquartile_nedge: 8.05306368000000000e+08
median_nedge: 8.05306368000000000e+08
thirdquartile_nedge: 8.05306368000000000e+08
max_nedge: 8.05306368000000000e+08
mean_nedge: 8.05306368000000000e+08
stddev_nedge: 0.00000000000000000e+00
min_TEPS: 9.14211844879104996e+09
firstquartile_TEPS: 1.37160303855739326e+10
median_TEPS: 1.61043057358275566e+10
thirdquartile_TEPS: 1.81134398222653198e+10
max_TEPS: 1.98467058770528336e+10
harmonic_mean_TEPS: 1.52294704314025364e+10
harmonic_stddev_TEPS: 3.59408957852466345e+08

real	6m28.055s
user	119m40.423s
sys	0m19.537s
