SCALE: 24
nvtx: 16777216
edgefactor: 64
terasize: 1.71798691839999997e-02
A: 5.69999999999999951e-01
B: 1.90000000000000002e-01
C: 1.90000000000000002e-01
D: 5.00000000000000444e-02
generation_time: 2.21335158123000014e+02
construction_time: 1.41385249351999988e+02
nbfs: 64
min_time: 4.16759250000000026e-02
firstquartile_time: 4.71298794999999993e-02
median_time: 5.39721269999999809e-02
thirdquartile_time: 6.06561957500000026e-02
max_time: 1.00909988000000006e-01
mean_time: 5.76684354218749973e-02
stddev_time: 1.55075829344770710e-02
min_nedge: 1.07374182400000000e+09
firstquartile_nedge: 1.07374182400000000e+09
median_nedge: 1.07374182400000000e+09
thirdquartile_nedge: 1.07374182400000000e+09
max_nedge: 1.07374182400000000e+09
mean_nedge: 1.07374182400000000e+09
stddev_nedge: 0.00000000000000000e+00
min_TEPS: 1.06405901465373268e+10
firstquartile_TEPS: 1.80623830462342339e+10
median_TEPS: 2.02290132177697754e+10
thirdquartile_TEPS: 2.30474030338690758e+10
max_TEPS: 2.57640789976467209e+10
harmonic_mean_TEPS: 1.86192293261471825e+10
harmonic_stddev_TEPS: 6.30808257589530110e+08

real	8m38.652s
user	159m23.869s
sys	0m21.555s
