SCALE: 24
nvtx: 16777216
edgefactor: 608
terasize: 1.63208757247999992e-01
A: 5.69999999999999951e-01
B: 1.90000000000000002e-01
C: 1.90000000000000002e-01
D: 5.00000000000000444e-02
generation_time: 3.32047679184999993e+02
construction_time: 2.16724644839000007e+02
nbfs: 64
min_time: 4.38227290000000047e-02
firstquartile_time: 5.02023107500000065e-02
median_time: 5.85893370000000052e-02
thirdquartile_time: 7.04552347500000120e-02
max_time: 1.47951260000000001e-01
mean_time: 6.60160239687500039e-02
stddev_time: 2.45475409419731588e-02
min_nedge: 1.61061273600000000e+09
firstquartile_nedge: 1.61061273600000000e+09
median_nedge: 1.61061273600000000e+09
thirdquartile_nedge: 1.61061273600000000e+09
max_nedge: 1.61061273600000000e+09
mean_nedge: 1.61061273600000000e+09
stddev_nedge: 0.00000000000000000e+00
min_TEPS: 1.08861035451810284e+10
firstquartile_TEPS: 2.35269278082120361e+10
median_TEPS: 2.79740112174965744e+10
thirdquartile_TEPS: 3.26025612895225754e+10
max_TEPS: 3.67529081997609024e+10
harmonic_mean_TEPS: 2.43972999155843658e+10
harmonic_stddev_TEPS: 1.14295759883979464e+09

real	12m59.784s
user	238m49.485s
sys	0m25.609s
