SCALE: 24
nvtx: 16777216
edgefactor: 32
terasize: 8.58993459199999983e-03
A: 5.69999999999999951e-01
B: 1.90000000000000002e-01
C: 1.90000000000000002e-01
D: 5.00000000000000444e-02
generation_time: 1.11279347486999995e+02
construction_time: 6.74964381449999991e+01
nbfs: 64
min_time: 4.00025060000000002e-02
firstquartile_time: 4.52180362500000099e-02
median_time: 5.14352485000000026e-02
thirdquartile_time: 5.70422344999999970e-02
max_time: 6.82396280000000105e-02
mean_time: 5.15418444999999961e-02
stddev_time: 7.72129751644171167e-03
min_nedge: 5.36870912000000000e+08
firstquartile_nedge: 5.36870912000000000e+08
median_nedge: 5.36870912000000000e+08
thirdquartile_nedge: 5.36870912000000000e+08
max_nedge: 5.36870912000000000e+08
mean_nedge: 5.36870912000000000e+08
stddev_nedge: 0.00000000000000000e+00
min_TEPS: 7.86743608860235786e+09
firstquartile_TEPS: 9.48879607673738289e+09
median_TEPS: 1.05506283309974480e+10
thirdquartile_TEPS: 1.21096945797804565e+10
max_TEPS: 1.34209319786115398e+10
harmonic_mean_TEPS: 1.04162145768764648e+10
harmonic_stddev_TEPS: 1.96593870834270179e+08

real	4m19.674s
user	80m23.035s
sys	0m17.880s
