SCALE: 24
nvtx: 16777216
edgefactor: 528
terasize: 1.41733920768000010e-01
A: 5.69999999999999951e-01
B: 1.90000000000000002e-01
C: 1.90000000000000002e-01
D: 5.00000000000000444e-02
generation_time: 5.58650462439999984e+01
construction_time: 3.13326910000000005e+01
nbfs: 64
min_time: 3.60632900000000048e-02
firstquartile_time: 4.30233475000000032e-02
median_time: 4.64608955000000018e-02
thirdquartile_time: 5.22016882499999960e-02
max_time: 6.17408800000000049e-02
mean_time: 4.72921217499999991e-02
stddev_time: 6.31688339724660337e-03
min_nedge: 2.68435455000000000e+08
firstquartile_nedge: 2.68435455000000000e+08
median_nedge: 2.68435455000000000e+08
thirdquartile_nedge: 2.68435455000000000e+08
max_nedge: 2.68435455000000000e+08
mean_nedge: 2.68435455000000000e+08
stddev_nedge: 0.00000000000000000e+00
min_TEPS: 4.34777500741809940e+09
firstquartile_TEPS: 5.23848369465532017e+09
median_TEPS: 5.79872954672607422e+09
thirdquartile_TEPS: 6.37967647922299957e+09
max_TEPS: 7.44345441028813457e+09
harmonic_mean_TEPS: 5.67611359073776436e+09
harmonic_stddev_TEPS: 9.55201211628948599e+07

real	2m10.230s
user	40m48.793s
sys	0m16.037s
