SCALE: 24
nvtx: 16777216
edgefactor: 48
terasize: 1.28849018880000006e-02
A: 5.69999999999999951e-01
B: 1.90000000000000002e-01
C: 1.90000000000000002e-01
D: 5.00000000000000444e-02
generation_time: 1.66663346603000008e+02
construction_time: 1.02729680106999993e+02
nbfs: 64
min_time: 4.08709299999999998e-02
firstquartile_time: 4.56332480000000013e-02
median_time: 5.48815840000000041e-02
thirdquartile_time: 6.13925687500000011e-02
max_time: 9.22136460000000102e-02
mean_time: 5.52085549531250025e-02
stddev_time: 1.08896849906887101e-02
min_nedge: 8.05306368000000000e+08
firstquartile_nedge: 8.05306368000000000e+08
median_nedge: 8.05306368000000000e+08
thirdquartile_nedge: 8.05306368000000000e+08
max_nedge: 8.05306368000000000e+08
mean_nedge: 8.05306368000000000e+08
stddev_nedge: 0.00000000000000000e+00
min_TEPS: 8.73304985685090446e+09
firstquartile_TEPS: 1.33630806506856899e+10
median_TEPS: 1.49274260563249512e+10
thirdquartile_TEPS: 1.80123001771137009e+10
max_TEPS: 1.97036467729019127e+10
harmonic_mean_TEPS: 1.45866228283596249e+10
harmonic_stddev_TEPS: 3.62487817778260231e+08

real	6m27.655s
user	119m50.614s
sys	0m19.618s
