SCALE: 24
nvtx: 16777216
edgefactor: 544
terasize: 1.46028888063999995e-01
A: 5.69999999999999951e-01
B: 1.90000000000000002e-01
C: 1.90000000000000002e-01
D: 5.00000000000000444e-02
generation_time: 1.11229237007999998e+02
construction_time: 6.62521171439999961e+01
nbfs: 64
min_time: 4.01614669999998952e-02
firstquartile_time: 4.53154250000000064e-02
median_time: 5.22253140000000018e-02
thirdquartile_time: 5.75061095000000064e-02
max_time: 6.94664570000000092e-02
mean_time: 5.21787050468750027e-02
stddev_time: 7.98325192708780954e-03
min_nedge: 5.36870912000000000e+08
firstquartile_nedge: 5.36870912000000000e+08
median_nedge: 5.36870912000000000e+08
thirdquartile_nedge: 5.36870912000000000e+08
max_nedge: 5.36870912000000000e+08
mean_nedge: 5.36870912000000000e+08
stddev_nedge: 0.00000000000000000e+00
min_TEPS: 7.72849134942926407e+09
firstquartile_TEPS: 9.49839059863464737e+09
median_TEPS: 1.05984449792725124e+10
thirdquartile_TEPS: 1.20462903638014374e+10
max_TEPS: 1.33678112903595238e+10
harmonic_mean_TEPS: 1.02890807948893967e+10
harmonic_stddev_TEPS: 1.98332022468017399e+08

real	4m18.061s
user	80m16.008s
sys	0m18.131s
