SCALE: 24
nvtx: 16777216
edgefactor: 112
terasize: 3.00647710720000003e-02
A: 5.69999999999999951e-01
B: 1.90000000000000002e-01
C: 1.90000000000000002e-01
D: 5.00000000000000444e-02
generation_time: 3.87346222613999998e+02
construction_time: 2.63025933770999984e+02
nbfs: 64
min_time: 4.24968829999999992e-02
firstquartile_time: 5.40350135000000065e-02
median_time: 7.15273979999999643e-02
thirdquartile_time: 9.26231472500000097e-02
max_time: 1.92376869000000006e-01
mean_time: 8.03929595625000049e-02
stddev_time: 3.73715097655379705e-02
min_nedge: 1.87904819200000000e+09
firstquartile_nedge: 1.87904819200000000e+09
median_nedge: 1.87904819200000000e+09
thirdquartile_nedge: 1.87904819200000000e+09
max_nedge: 1.87904819200000000e+09
mean_nedge: 1.87904819200000000e+09
stddev_nedge: 0.00000000000000000e+00
min_TEPS: 9.76753703170000076e+09
firstquartile_TEPS: 2.15230146236913261e+10
median_TEPS: 2.76063211928485947e+10
thirdquartile_TEPS: 3.52464722013883972e+10
max_TEPS: 4.42161414991306534e+10
harmonic_mean_TEPS: 2.33732929130338745e+10
harmonic_stddev_TEPS: 1.36890166960033250e+09

real	15m19.147s
user	279m27.575s
sys	0m42.578s
