SCALE: 24
nvtx: 16777216
edgefactor: 352
terasize: 9.44892805120000068e-02
A: 5.69999999999999951e-01
B: 1.90000000000000002e-01
C: 1.90000000000000002e-01
D: 5.00000000000000444e-02
generation_time: 3.32267444457000011e+02
construction_time: 2.16349185705999986e+02
nbfs: 64
min_time: 4.29824500000000054e-02
firstquartile_time: 5.01055707500000086e-02
median_time: 5.69636930000000097e-02
thirdquartile_time: 6.69910057499999989e-02
max_time: 1.33054784000000009e-01
mean_time: 6.33692965624999965e-02
stddev_time: 2.24024880549755813e-02
min_nedge: 1.61061273600000000e+09
firstquartile_nedge: 1.61061273600000000e+09
median_nedge: 1.61061273600000000e+09
thirdquartile_nedge: 1.61061273600000000e+09
max_nedge: 1.61061273600000000e+09
mean_nedge: 1.61061273600000000e+09
stddev_nedge: 0.00000000000000000e+00
min_TEPS: 1.21048840754196396e+10
firstquartile_TEPS: 2.49450875268771744e+10
median_TEPS: 2.88222951006092911e+10
thirdquartile_TEPS: 3.29159610264131317e+10
max_TEPS: 3.74714037008127670e+10
harmonic_mean_TEPS: 2.54162950098630409e+10
harmonic_stddev_TEPS: 1.13203364915035415e+09

real	12m59.518s
user	238m45.444s
sys	0m25.429s
