SCALE: 24
nvtx: 16777216
edgefactor: 320
terasize: 8.58993459199999948e-02
A: 5.69999999999999951e-01
B: 1.90000000000000002e-01
C: 1.90000000000000002e-01
D: 5.00000000000000444e-02
generation_time: 2.21518162958999994e+02
construction_time: 1.41608023277000001e+02
nbfs: 64
min_time: 4.23359620000000048e-02
firstquartile_time: 4.77406577499999984e-02
median_time: 5.46025370000000065e-02
thirdquartile_time: 6.33379637500000037e-02
max_time: 1.01858203000000008e-01
mean_time: 5.85549390468750042e-02
stddev_time: 1.56610906050595015e-02
min_nedge: 1.07374182400000000e+09
firstquartile_nedge: 1.07374182400000000e+09
median_nedge: 1.07374182400000000e+09
thirdquartile_nedge: 1.07374182400000000e+09
max_nedge: 1.07374182400000000e+09
mean_nedge: 1.07374182400000000e+09
stddev_nedge: 0.00000000000000000e+00
min_TEPS: 1.05415351181877804e+10
firstquartile_TEPS: 1.75477738741971970e+10
median_TEPS: 1.99405496484749222e+10
thirdquartile_TEPS: 2.25839299266055527e+10
max_TEPS: 2.53624052289162560e+10
harmonic_mean_TEPS: 1.83373399661544724e+10
harmonic_stddev_TEPS: 6.17909014200045586e+08

real	8m38.867s
user	159m28.661s
sys	0m21.024s
