SCALE: 24
nvtx: 16777216
edgefactor: 624
terasize: 1.67503724544000004e-01
A: 5.69999999999999951e-01
B: 1.90000000000000002e-01
C: 1.90000000000000002e-01
D: 5.00000000000000444e-02
generation_time: 3.87078449173000024e+02
construction_time: 2.55427832695999996e+02
nbfs: 64
min_time: 4.12247350000000054e-02
firstquartile_time: 4.83023805000000056e-02
median_time: 6.00083599999999967e-02
thirdquartile_time: 7.04080027500000039e-02
max_time: 1.46731781000000006e-01
mean_time: 6.53044305156249977e-02
stddev_time: 2.50708033250385959e-02
min_nedge: 1.87904819200000000e+09
firstquartile_nedge: 1.87904819200000000e+09
median_nedge: 1.87904819200000000e+09
thirdquartile_nedge: 1.87904819200000000e+09
max_nedge: 1.87904819200000000e+09
mean_nedge: 1.87904819200000000e+09
stddev_nedge: 0.00000000000000000e+00
min_TEPS: 1.28060068459197674e+10
firstquartile_TEPS: 2.92384712677970390e+10
median_TEPS: 3.16726334677386093e+10
thirdquartile_TEPS: 3.94295181267630997e+10
max_TEPS: 4.55806008698418503e+10
harmonic_mean_TEPS: 2.87736709004821854e+10
harmonic_stddev_TEPS: 1.39171593762127233e+09

real	15m9.212s
user	278m23.963s
sys	0m26.767s
